
*** Running vivado
    with args -log SD2HDMI_v_tc_0_0.vds -m64 -product Vivado -mode batch -messageDb vivado.pb -notrace -source SD2HDMI_v_tc_0_0.tcl



****** Vivado v2021.2 (64-bit)
  **** SW Build 3367213 on Tue Oct 19 02:48:09 MDT 2021
  **** IP Build 3369179 on Thu Oct 21 08:25:16 MDT 2021
    ** Copyright 1986-2021 Xilinx, Inc. All Rights Reserved.

source SD2HDMI_v_tc_0_0.tcl -notrace
INFO: [IP_Flow 19-234] Refreshing IP repositories
INFO: [IP_Flow 19-1700] Loaded user IP repository 'f:/FKNV/SD2HDMI/repo/ip'.
INFO: [IP_Flow 19-2313] Loaded Vivado IP repository 'D:/xilinx2021/Vivado/2021.2/data/ip'.
Command: synth_design -top SD2HDMI_v_tc_0_0 -part xc7z020clg400-2 -mode out_of_context
Starting synth_design
Attempting to get a license for feature 'Synthesis' and/or device 'xc7z020'
INFO: [Common 17-349] Got license for feature 'Synthesis' and/or device 'xc7z020'
INFO: [Device 21-403] Loading part xc7z020clg400-2
INFO: [Synth 8-7079] Multithreading enabled for synth_design using a maximum of 2 processes.
INFO: [Synth 8-7078] Launching helper process for spawning children vivado processes
INFO: [Synth 8-7075] Helper process launched with PID 10864
---------------------------------------------------------------------------------
Starting RTL Elaboration : Time (s): cpu = 00:00:04 ; elapsed = 00:00:03 . Memory (MB): peak = 1445.371 ; gain = 0.000
---------------------------------------------------------------------------------
INFO: [Synth 8-638] synthesizing module 'SD2HDMI_v_tc_0_0' [f:/FKNV/SD2HDMI/SD2HDMI/SD2HDMI.gen/sources_1/bd/SD2HDMI/ip/SD2HDMI_v_tc_0_0/synth/SD2HDMI_v_tc_0_0.vhd:97]
	Parameter C_HAS_AXI4_LITE bound to: 1 - type: integer 
	Parameter C_HAS_INTC_IF bound to: 0 - type: integer 
	Parameter C_ARBITRARY_RES_EN bound to: 0 - type: integer 
	Parameter C_VID_PPC bound to: 4 - type: integer 
	Parameter C_GEN_INTERLACED bound to: 0 - type: integer 
	Parameter C_GEN_HACTIVE_SIZE bound to: 1920 - type: integer 
	Parameter C_GEN_VACTIVE_SIZE bound to: 1080 - type: integer 
	Parameter C_GEN_CPARITY bound to: 0 - type: integer 
	Parameter C_GEN_FIELDID_POLARITY bound to: 1 - type: integer 
	Parameter C_GEN_VBLANK_POLARITY bound to: 1 - type: integer 
	Parameter C_GEN_HBLANK_POLARITY bound to: 1 - type: integer 
	Parameter C_GEN_VSYNC_POLARITY bound to: 1 - type: integer 
	Parameter C_GEN_HSYNC_POLARITY bound to: 1 - type: integer 
	Parameter C_GEN_AVIDEO_POLARITY bound to: 1 - type: integer 
	Parameter C_GEN_ACHROMA_POLARITY bound to: 1 - type: integer 
	Parameter C_GEN_VIDEO_FORMAT bound to: 2 - type: integer 
	Parameter C_GEN_HFRAME_SIZE bound to: 2200 - type: integer 
	Parameter C_GEN_F0_VFRAME_SIZE bound to: 1125 - type: integer 
	Parameter C_GEN_F1_VFRAME_SIZE bound to: 1125 - type: integer 
	Parameter C_GEN_HSYNC_START bound to: 2008 - type: integer 
	Parameter C_GEN_HSYNC_END bound to: 2052 - type: integer 
	Parameter C_GEN_F0_VBLANK_HSTART bound to: 960 - type: integer 
	Parameter C_GEN_F0_VBLANK_HEND bound to: 960 - type: integer 
	Parameter C_GEN_F0_VSYNC_VSTART bound to: 1083 - type: integer 
	Parameter C_GEN_F0_VSYNC_VEND bound to: 1088 - type: integer 
	Parameter C_GEN_F0_VSYNC_HSTART bound to: 1004 - type: integer 
	Parameter C_GEN_F0_VSYNC_HEND bound to: 1004 - type: integer 
	Parameter C_GEN_F1_VBLANK_HSTART bound to: 960 - type: integer 
	Parameter C_GEN_F1_VBLANK_HEND bound to: 960 - type: integer 
	Parameter C_GEN_F1_VSYNC_VSTART bound to: 1083 - type: integer 
	Parameter C_GEN_F1_VSYNC_VEND bound to: 1088 - type: integer 
	Parameter C_GEN_F1_VSYNC_HSTART bound to: 1004 - type: integer 
	Parameter C_GEN_F1_VSYNC_HEND bound to: 1004 - type: integer 
	Parameter C_FSYNC_HSTART0 bound to: 0 - type: integer 
	Parameter C_FSYNC_VSTART0 bound to: 0 - type: integer 
	Parameter C_FSYNC_HSTART1 bound to: 0 - type: integer 
	Parameter C_FSYNC_VSTART1 bound to: 0 - type: integer 
	Parameter C_FSYNC_HSTART2 bound to: 0 - type: integer 
	Parameter C_FSYNC_VSTART2 bound to: 0 - type: integer 
	Parameter C_FSYNC_HSTART3 bound to: 0 - type: integer 
	Parameter C_FSYNC_VSTART3 bound to: 0 - type: integer 
	Parameter C_FSYNC_HSTART4 bound to: 0 - type: integer 
	Parameter C_FSYNC_VSTART4 bound to: 0 - type: integer 
	Parameter C_FSYNC_HSTART5 bound to: 0 - type: integer 
	Parameter C_FSYNC_VSTART5 bound to: 0 - type: integer 
	Parameter C_FSYNC_HSTART6 bound to: 0 - type: integer 
	Parameter C_FSYNC_VSTART6 bound to: 0 - type: integer 
	Parameter C_FSYNC_HSTART7 bound to: 0 - type: integer 
	Parameter C_FSYNC_VSTART7 bound to: 0 - type: integer 
	Parameter C_FSYNC_HSTART8 bound to: 0 - type: integer 
	Parameter C_FSYNC_VSTART8 bound to: 0 - type: integer 
	Parameter C_FSYNC_HSTART9 bound to: 0 - type: integer 
	Parameter C_FSYNC_VSTART9 bound to: 0 - type: integer 
	Parameter C_FSYNC_HSTART10 bound to: 0 - type: integer 
	Parameter C_FSYNC_VSTART10 bound to: 0 - type: integer 
	Parameter C_FSYNC_HSTART11 bound to: 0 - type: integer 
	Parameter C_FSYNC_VSTART11 bound to: 0 - type: integer 
	Parameter C_FSYNC_HSTART12 bound to: 0 - type: integer 
	Parameter C_FSYNC_VSTART12 bound to: 0 - type: integer 
	Parameter C_FSYNC_HSTART13 bound to: 0 - type: integer 
	Parameter C_FSYNC_VSTART13 bound to: 0 - type: integer 
	Parameter C_FSYNC_HSTART14 bound to: 0 - type: integer 
	Parameter C_FSYNC_VSTART14 bound to: 0 - type: integer 
	Parameter C_FSYNC_HSTART15 bound to: 0 - type: integer 
	Parameter C_FSYNC_VSTART15 bound to: 0 - type: integer 
	Parameter C_MAX_PIXELS bound to: 4096 - type: integer 
	Parameter C_MAX_LINES bound to: 4096 - type: integer 
	Parameter C_NUM_FSYNCS bound to: 1 - type: integer 
	Parameter C_INTERLACE_EN bound to: 0 - type: integer 
	Parameter C_GEN_AUTO_SWITCH bound to: 0 - type: integer 
	Parameter C_DETECT_EN bound to: 0 - type: integer 
	Parameter C_SYNC_EN bound to: 0 - type: integer 
	Parameter C_GENERATE_EN bound to: 1 - type: integer 
	Parameter C_DET_HSYNC_EN bound to: 1 - type: integer 
	Parameter C_DET_VSYNC_EN bound to: 1 - type: integer 
	Parameter C_DET_HBLANK_EN bound to: 1 - type: integer 
	Parameter C_DET_VBLANK_EN bound to: 1 - type: integer 
	Parameter C_DET_AVIDEO_EN bound to: 1 - type: integer 
	Parameter C_DET_ACHROMA_EN bound to: 0 - type: integer 
	Parameter C_GEN_HSYNC_EN bound to: 1 - type: integer 
	Parameter C_GEN_VSYNC_EN bound to: 1 - type: integer 
	Parameter C_GEN_HBLANK_EN bound to: 1 - type: integer 
	Parameter C_GEN_VBLANK_EN bound to: 1 - type: integer 
	Parameter C_GEN_AVIDEO_EN bound to: 1 - type: integer 
	Parameter C_GEN_ACHROMA_EN bound to: 0 - type: integer 
	Parameter C_GEN_FIELDID_EN bound to: 0 - type: integer 
	Parameter C_DET_FIELDID_EN bound to: 0 - type: integer 
INFO: [Synth 8-3491] module 'v_tc' declared at 'f:/FKNV/SD2HDMI/SD2HDMI/SD2HDMI.gen/sources_1/bd/SD2HDMI/ipshared/ee1d/hdl/v_tc_v6_2_vh_rfs.vhd:8886' bound to instance 'U0' of component 'v_tc' [f:/FKNV/SD2HDMI/SD2HDMI/SD2HDMI.gen/sources_1/bd/SD2HDMI/ip/SD2HDMI_v_tc_0_0/synth/SD2HDMI_v_tc_0_0.vhd:290]
INFO: [Synth 8-6157] synthesizing module 'xpm_cdc_single' [D:/xilinx2021/Vivado/2021.2/data/ip/xpm/xpm_cdc/hdl/xpm_cdc.sv:153]
INFO: [Synth 8-6155] done synthesizing module 'xpm_cdc_single' (1#1) [D:/xilinx2021/Vivado/2021.2/data/ip/xpm/xpm_cdc/hdl/xpm_cdc.sv:153]
INFO: [Synth 8-638] synthesizing module 'axi_lite_ipif' [f:/FKNV/SD2HDMI/SD2HDMI/SD2HDMI.gen/sources_1/bd/SD2HDMI/ipshared/66ea/hdl/axi_lite_ipif_v3_0_vh_rfs.vhd:2948]
INFO: [Synth 8-638] synthesizing module 'slave_attachment' [f:/FKNV/SD2HDMI/SD2HDMI/SD2HDMI.gen/sources_1/bd/SD2HDMI/ipshared/66ea/hdl/axi_lite_ipif_v3_0_vh_rfs.vhd:2341]
INFO: [Synth 8-638] synthesizing module 'address_decoder' [f:/FKNV/SD2HDMI/SD2HDMI/SD2HDMI.gen/sources_1/bd/SD2HDMI/ipshared/66ea/hdl/axi_lite_ipif_v3_0_vh_rfs.vhd:1775]
INFO: [Synth 8-638] synthesizing module 'pselect_f' [f:/FKNV/SD2HDMI/SD2HDMI/SD2HDMI.gen/sources_1/bd/SD2HDMI/ipshared/66ea/hdl/axi_lite_ipif_v3_0_vh_rfs.vhd:1534]
INFO: [Synth 8-256] done synthesizing module 'pselect_f' (2#1) [f:/FKNV/SD2HDMI/SD2HDMI/SD2HDMI.gen/sources_1/bd/SD2HDMI/ipshared/66ea/hdl/axi_lite_ipif_v3_0_vh_rfs.vhd:1534]
INFO: [Synth 8-638] synthesizing module 'pselect_f__parameterized0' [f:/FKNV/SD2HDMI/SD2HDMI/SD2HDMI.gen/sources_1/bd/SD2HDMI/ipshared/66ea/hdl/axi_lite_ipif_v3_0_vh_rfs.vhd:1534]
INFO: [Synth 8-256] done synthesizing module 'pselect_f__parameterized0' (2#1) [f:/FKNV/SD2HDMI/SD2HDMI/SD2HDMI.gen/sources_1/bd/SD2HDMI/ipshared/66ea/hdl/axi_lite_ipif_v3_0_vh_rfs.vhd:1534]
INFO: [Synth 8-256] done synthesizing module 'address_decoder' (3#1) [f:/FKNV/SD2HDMI/SD2HDMI/SD2HDMI.gen/sources_1/bd/SD2HDMI/ipshared/66ea/hdl/axi_lite_ipif_v3_0_vh_rfs.vhd:1775]
INFO: [Synth 8-226] default block is never used [f:/FKNV/SD2HDMI/SD2HDMI/SD2HDMI.gen/sources_1/bd/SD2HDMI/ipshared/66ea/hdl/axi_lite_ipif_v3_0_vh_rfs.vhd:2550]
INFO: [Synth 8-256] done synthesizing module 'slave_attachment' (4#1) [f:/FKNV/SD2HDMI/SD2HDMI/SD2HDMI.gen/sources_1/bd/SD2HDMI/ipshared/66ea/hdl/axi_lite_ipif_v3_0_vh_rfs.vhd:2341]
INFO: [Synth 8-256] done synthesizing module 'axi_lite_ipif' (5#1) [f:/FKNV/SD2HDMI/SD2HDMI/SD2HDMI.gen/sources_1/bd/SD2HDMI/ipshared/66ea/hdl/axi_lite_ipif_v3_0_vh_rfs.vhd:2948]
INFO: [Synth 8-256] done synthesizing module 'SD2HDMI_v_tc_0_0' (12#1) [f:/FKNV/SD2HDMI/SD2HDMI/SD2HDMI.gen/sources_1/bd/SD2HDMI/ip/SD2HDMI_v_tc_0_0/synth/SD2HDMI_v_tc_0_0.vhd:97]
WARNING: [Synth 8-7129] Port gen_v0chroma_start[11] in module tc_generator is either unconnected or has no load
WARNING: [Synth 8-7129] Port gen_v0chroma_start[10] in module tc_generator is either unconnected or has no load
WARNING: [Synth 8-7129] Port gen_v0chroma_start[9] in module tc_generator is either unconnected or has no load
WARNING: [Synth 8-7129] Port gen_v0chroma_start[8] in module tc_generator is either unconnected or has no load
WARNING: [Synth 8-7129] Port gen_v0chroma_start[7] in module tc_generator is either unconnected or has no load
WARNING: [Synth 8-7129] Port gen_v0chroma_start[6] in module tc_generator is either unconnected or has no load
WARNING: [Synth 8-7129] Port gen_v0chroma_start[5] in module tc_generator is either unconnected or has no load
WARNING: [Synth 8-7129] Port gen_v0chroma_start[4] in module tc_generator is either unconnected or has no load
WARNING: [Synth 8-7129] Port gen_v0chroma_start[3] in module tc_generator is either unconnected or has no load
WARNING: [Synth 8-7129] Port gen_v0chroma_start[2] in module tc_generator is either unconnected or has no load
WARNING: [Synth 8-7129] Port gen_v0chroma_start[1] in module tc_generator is either unconnected or has no load
WARNING: [Synth 8-7129] Port gen_v0chroma_start[0] in module tc_generator is either unconnected or has no load
WARNING: [Synth 8-7129] Port gen_v1total[11] in module tc_generator is either unconnected or has no load
WARNING: [Synth 8-7129] Port gen_v1total[10] in module tc_generator is either unconnected or has no load
WARNING: [Synth 8-7129] Port gen_v1total[9] in module tc_generator is either unconnected or has no load
WARNING: [Synth 8-7129] Port gen_v1total[8] in module tc_generator is either unconnected or has no load
WARNING: [Synth 8-7129] Port gen_v1total[7] in module tc_generator is either unconnected or has no load
WARNING: [Synth 8-7129] Port gen_v1total[6] in module tc_generator is either unconnected or has no load
WARNING: [Synth 8-7129] Port gen_v1total[5] in module tc_generator is either unconnected or has no load
WARNING: [Synth 8-7129] Port gen_v1total[4] in module tc_generator is either unconnected or has no load
WARNING: [Synth 8-7129] Port gen_v1total[3] in module tc_generator is either unconnected or has no load
WARNING: [Synth 8-7129] Port gen_v1total[2] in module tc_generator is either unconnected or has no load
WARNING: [Synth 8-7129] Port gen_v1total[1] in module tc_generator is either unconnected or has no load
WARNING: [Synth 8-7129] Port gen_v1total[0] in module tc_generator is either unconnected or has no load
WARNING: [Synth 8-7129] Port gen_v1fp_start[11] in module tc_generator is either unconnected or has no load
WARNING: [Synth 8-7129] Port gen_v1fp_start[10] in module tc_generator is either unconnected or has no load
WARNING: [Synth 8-7129] Port gen_v1fp_start[9] in module tc_generator is either unconnected or has no load
WARNING: [Synth 8-7129] Port gen_v1fp_start[8] in module tc_generator is either unconnected or has no load
WARNING: [Synth 8-7129] Port gen_v1fp_start[7] in module tc_generator is either unconnected or has no load
WARNING: [Synth 8-7129] Port gen_v1fp_start[6] in module tc_generator is either unconnected or has no load
WARNING: [Synth 8-7129] Port gen_v1fp_start[5] in module tc_generator is either unconnected or has no load
WARNING: [Synth 8-7129] Port gen_v1fp_start[4] in module tc_generator is either unconnected or has no load
WARNING: [Synth 8-7129] Port gen_v1fp_start[3] in module tc_generator is either unconnected or has no load
WARNING: [Synth 8-7129] Port gen_v1fp_start[2] in module tc_generator is either unconnected or has no load
WARNING: [Synth 8-7129] Port gen_v1fp_start[1] in module tc_generator is either unconnected or has no load
WARNING: [Synth 8-7129] Port gen_v1fp_start[0] in module tc_generator is either unconnected or has no load
WARNING: [Synth 8-7129] Port gen_v1sync_start[11] in module tc_generator is either unconnected or has no load
WARNING: [Synth 8-7129] Port gen_v1sync_start[10] in module tc_generator is either unconnected or has no load
WARNING: [Synth 8-7129] Port gen_v1sync_start[9] in module tc_generator is either unconnected or has no load
WARNING: [Synth 8-7129] Port gen_v1sync_start[8] in module tc_generator is either unconnected or has no load
WARNING: [Synth 8-7129] Port gen_v1sync_start[7] in module tc_generator is either unconnected or has no load
WARNING: [Synth 8-7129] Port gen_v1sync_start[6] in module tc_generator is either unconnected or has no load
WARNING: [Synth 8-7129] Port gen_v1sync_start[5] in module tc_generator is either unconnected or has no load
WARNING: [Synth 8-7129] Port gen_v1sync_start[4] in module tc_generator is either unconnected or has no load
WARNING: [Synth 8-7129] Port gen_v1sync_start[3] in module tc_generator is either unconnected or has no load
WARNING: [Synth 8-7129] Port gen_v1sync_start[2] in module tc_generator is either unconnected or has no load
WARNING: [Synth 8-7129] Port gen_v1sync_start[1] in module tc_generator is either unconnected or has no load
WARNING: [Synth 8-7129] Port gen_v1sync_start[0] in module tc_generator is either unconnected or has no load
WARNING: [Synth 8-7129] Port gen_v1bp_start[11] in module tc_generator is either unconnected or has no load
WARNING: [Synth 8-7129] Port gen_v1bp_start[10] in module tc_generator is either unconnected or has no load
WARNING: [Synth 8-7129] Port gen_v1bp_start[9] in module tc_generator is either unconnected or has no load
WARNING: [Synth 8-7129] Port gen_v1bp_start[8] in module tc_generator is either unconnected or has no load
WARNING: [Synth 8-7129] Port gen_v1bp_start[7] in module tc_generator is either unconnected or has no load
WARNING: [Synth 8-7129] Port gen_v1bp_start[6] in module tc_generator is either unconnected or has no load
WARNING: [Synth 8-7129] Port gen_v1bp_start[5] in module tc_generator is either unconnected or has no load
WARNING: [Synth 8-7129] Port gen_v1bp_start[4] in module tc_generator is either unconnected or has no load
WARNING: [Synth 8-7129] Port gen_v1bp_start[3] in module tc_generator is either unconnected or has no load
WARNING: [Synth 8-7129] Port gen_v1bp_start[2] in module tc_generator is either unconnected or has no load
WARNING: [Synth 8-7129] Port gen_v1bp_start[1] in module tc_generator is either unconnected or has no load
WARNING: [Synth 8-7129] Port gen_v1bp_start[0] in module tc_generator is either unconnected or has no load
WARNING: [Synth 8-7129] Port gen_v1active_start[11] in module tc_generator is either unconnected or has no load
WARNING: [Synth 8-7129] Port gen_v1active_start[10] in module tc_generator is either unconnected or has no load
WARNING: [Synth 8-7129] Port gen_v1active_start[9] in module tc_generator is either unconnected or has no load
WARNING: [Synth 8-7129] Port gen_v1active_start[8] in module tc_generator is either unconnected or has no load
WARNING: [Synth 8-7129] Port gen_v1active_start[7] in module tc_generator is either unconnected or has no load
WARNING: [Synth 8-7129] Port gen_v1active_start[6] in module tc_generator is either unconnected or has no load
WARNING: [Synth 8-7129] Port gen_v1active_start[5] in module tc_generator is either unconnected or has no load
WARNING: [Synth 8-7129] Port gen_v1active_start[4] in module tc_generator is either unconnected or has no load
WARNING: [Synth 8-7129] Port gen_v1active_start[3] in module tc_generator is either unconnected or has no load
WARNING: [Synth 8-7129] Port gen_v1active_start[2] in module tc_generator is either unconnected or has no load
WARNING: [Synth 8-7129] Port gen_v1active_start[1] in module tc_generator is either unconnected or has no load
WARNING: [Synth 8-7129] Port gen_v1active_start[0] in module tc_generator is either unconnected or has no load
WARNING: [Synth 8-7129] Port gen_v1chroma_start[11] in module tc_generator is either unconnected or has no load
WARNING: [Synth 8-7129] Port gen_v1chroma_start[10] in module tc_generator is either unconnected or has no load
WARNING: [Synth 8-7129] Port gen_v1chroma_start[9] in module tc_generator is either unconnected or has no load
WARNING: [Synth 8-7129] Port gen_v1chroma_start[8] in module tc_generator is either unconnected or has no load
WARNING: [Synth 8-7129] Port gen_v1chroma_start[7] in module tc_generator is either unconnected or has no load
WARNING: [Synth 8-7129] Port gen_v1chroma_start[6] in module tc_generator is either unconnected or has no load
WARNING: [Synth 8-7129] Port gen_v1chroma_start[5] in module tc_generator is either unconnected or has no load
WARNING: [Synth 8-7129] Port gen_v1chroma_start[4] in module tc_generator is either unconnected or has no load
WARNING: [Synth 8-7129] Port gen_v1chroma_start[3] in module tc_generator is either unconnected or has no load
WARNING: [Synth 8-7129] Port gen_v1chroma_start[2] in module tc_generator is either unconnected or has no load
WARNING: [Synth 8-7129] Port gen_v1chroma_start[1] in module tc_generator is either unconnected or has no load
WARNING: [Synth 8-7129] Port gen_v1chroma_start[0] in module tc_generator is either unconnected or has no load
WARNING: [Synth 8-7129] Port gen_v1fp_start_hori[11] in module tc_generator is either unconnected or has no load
WARNING: [Synth 8-7129] Port gen_v1fp_start_hori[10] in module tc_generator is either unconnected or has no load
WARNING: [Synth 8-7129] Port gen_v1fp_start_hori[9] in module tc_generator is either unconnected or has no load
WARNING: [Synth 8-7129] Port gen_v1fp_start_hori[8] in module tc_generator is either unconnected or has no load
WARNING: [Synth 8-7129] Port gen_v1fp_start_hori[7] in module tc_generator is either unconnected or has no load
WARNING: [Synth 8-7129] Port gen_v1fp_start_hori[6] in module tc_generator is either unconnected or has no load
WARNING: [Synth 8-7129] Port gen_v1fp_start_hori[5] in module tc_generator is either unconnected or has no load
WARNING: [Synth 8-7129] Port gen_v1fp_start_hori[4] in module tc_generator is either unconnected or has no load
WARNING: [Synth 8-7129] Port gen_v1fp_start_hori[3] in module tc_generator is either unconnected or has no load
WARNING: [Synth 8-7129] Port gen_v1fp_start_hori[2] in module tc_generator is either unconnected or has no load
WARNING: [Synth 8-7129] Port gen_v1fp_start_hori[1] in module tc_generator is either unconnected or has no load
WARNING: [Synth 8-7129] Port gen_v1fp_start_hori[0] in module tc_generator is either unconnected or has no load
WARNING: [Synth 8-7129] Port gen_v1sync_start_hori[11] in module tc_generator is either unconnected or has no load
WARNING: [Synth 8-7129] Port gen_v1sync_start_hori[10] in module tc_generator is either unconnected or has no load
WARNING: [Synth 8-7129] Port gen_v1sync_start_hori[9] in module tc_generator is either unconnected or has no load
WARNING: [Synth 8-7129] Port gen_v1sync_start_hori[8] in module tc_generator is either unconnected or has no load
INFO: [Common 17-14] Message 'Synth 8-7129' appears 100 times and further instances of the messages will be disabled. Use the Tcl command set_msg_config to change the current settings.
---------------------------------------------------------------------------------
Finished RTL Elaboration : Time (s): cpu = 00:00:07 ; elapsed = 00:00:07 . Memory (MB): peak = 1446.266 ; gain = 0.895
---------------------------------------------------------------------------------
---------------------------------------------------------------------------------
Start Handling Custom Attributes
---------------------------------------------------------------------------------
---------------------------------------------------------------------------------
Finished Handling Custom Attributes : Time (s): cpu = 00:00:08 ; elapsed = 00:00:08 . Memory (MB): peak = 1464.023 ; gain = 18.652
---------------------------------------------------------------------------------
---------------------------------------------------------------------------------
Finished RTL Optimization Phase 1 : Time (s): cpu = 00:00:08 ; elapsed = 00:00:08 . Memory (MB): peak = 1464.023 ; gain = 18.652
---------------------------------------------------------------------------------
Netlist sorting complete. Time (s): cpu = 00:00:00 ; elapsed = 00:00:00.104 . Memory (MB): peak = 1464.023 ; gain = 0.000
INFO: [Project 1-570] Preparing netlist for logic optimization

Processing XDC Constraints
Initializing timing engine
Parsing XDC File [f:/FKNV/SD2HDMI/SD2HDMI/SD2HDMI.gen/sources_1/bd/SD2HDMI/ip/SD2HDMI_v_tc_0_0/SD2HDMI_v_tc_0_0_ooc.xdc] for cell 'U0'
Finished Parsing XDC File [f:/FKNV/SD2HDMI/SD2HDMI/SD2HDMI.gen/sources_1/bd/SD2HDMI/ip/SD2HDMI_v_tc_0_0/SD2HDMI_v_tc_0_0_ooc.xdc] for cell 'U0'
Parsing XDC File [F:/FKNV/SD2HDMI/SD2HDMI/SD2HDMI.runs/SD2HDMI_v_tc_0_0_synth_1/dont_touch.xdc]
Finished Parsing XDC File [F:/FKNV/SD2HDMI/SD2HDMI/SD2HDMI.runs/SD2HDMI_v_tc_0_0_synth_1/dont_touch.xdc]
Parsing XDC File [f:/FKNV/SD2HDMI/SD2HDMI/SD2HDMI.gen/sources_1/bd/SD2HDMI/ip/SD2HDMI_v_tc_0_0/SD2HDMI_v_tc_0_0_clocks.xdc] for cell 'U0'
Finished Parsing XDC File [f:/FKNV/SD2HDMI/SD2HDMI/SD2HDMI.gen/sources_1/bd/SD2HDMI/ip/SD2HDMI_v_tc_0_0/SD2HDMI_v_tc_0_0_clocks.xdc] for cell 'U0'
INFO: [Project 1-236] Implementation specific constraints were found while reading constraint file [f:/FKNV/SD2HDMI/SD2HDMI/SD2HDMI.gen/sources_1/bd/SD2HDMI/ip/SD2HDMI_v_tc_0_0/SD2HDMI_v_tc_0_0_clocks.xdc]. These constraints will be ignored for synthesis but will be used in implementation. Impacted constraints are listed in the file [.Xil/SD2HDMI_v_tc_0_0_propImpl.xdc].
Resolution: To avoid this warning, move constraints listed in [.Xil/SD2HDMI_v_tc_0_0_propImpl.xdc] to another XDC file and exclude this new file from synthesis with the used_in_synthesis property (File Properties dialog in GUI) and re-run elaboration/synthesis.
INFO: [Project 1-236] Implementation specific constraints were found while reading constraint file [D:/xilinx2021/Vivado/2021.2/data/ip/xpm/xpm_cdc/tcl/xpm_cdc_single.tcl]. These constraints will be ignored for synthesis but will be used in implementation. Impacted constraints are listed in the file [.Xil/SD2HDMI_v_tc_0_0_propImpl.xdc].
Resolution: To avoid this warning, move constraints listed in [.Xil/SD2HDMI_v_tc_0_0_propImpl.xdc] to another XDC file and exclude this new file from synthesis with the used_in_synthesis property (File Properties dialog in GUI) and re-run elaboration/synthesis.
INFO: [Project 1-1714] 1 XPM XDC files have been applied to the design.
Completed Processing XDC Constraints

Netlist sorting complete. Time (s): cpu = 00:00:00 ; elapsed = 00:00:00.001 . Memory (MB): peak = 1552.121 ; gain = 0.000
INFO: [Project 1-111] Unisim Transformation Summary:
No Unisim elements were transformed.

Constraint Validation Runtime : Time (s): cpu = 00:00:00 ; elapsed = 00:00:00.046 . Memory (MB): peak = 1553.414 ; gain = 1.293
---------------------------------------------------------------------------------
Finished Constraint Validation : Time (s): cpu = 00:00:13 ; elapsed = 00:00:13 . Memory (MB): peak = 1553.414 ; gain = 108.043
---------------------------------------------------------------------------------
---------------------------------------------------------------------------------
Start Loading Part and Timing Information
---------------------------------------------------------------------------------
Loading part: xc7z020clg400-2
---------------------------------------------------------------------------------
Finished Loading Part and Timing Information : Time (s): cpu = 00:00:13 ; elapsed = 00:00:13 . Memory (MB): peak = 1553.414 ; gain = 108.043
---------------------------------------------------------------------------------
---------------------------------------------------------------------------------
Start Applying 'set_property' XDC Constraints
---------------------------------------------------------------------------------
Applied set_property KEEP_HIERARCHY = SOFT for U0. (constraint file  F:/FKNV/SD2HDMI/SD2HDMI/SD2HDMI.runs/SD2HDMI_v_tc_0_0_synth_1/dont_touch.xdc, line 9).
Applied set_property KEEP_HIERARCHY = SOFT for U0/xpm_cdc_single_inst. (constraint file  auto generated constraint).
---------------------------------------------------------------------------------
Finished applying 'set_property' XDC Constraints : Time (s): cpu = 00:00:13 ; elapsed = 00:00:13 . Memory (MB): peak = 1553.414 ; gain = 108.043
---------------------------------------------------------------------------------
INFO: [Synth 8-802] inferred FSM for state register 'state_reg' in module 'slave_attachment'
---------------------------------------------------------------------------------------------------
                   State |                     New Encoding |                Previous Encoding 
---------------------------------------------------------------------------------------------------
                 iSTATE2 |                             0001 |                               00
                  iSTATE |                             0010 |                               01
                 iSTATE0 |                             0100 |                               10
                 iSTATE1 |                             1000 |                               11
---------------------------------------------------------------------------------------------------
INFO: [Synth 8-3354] encoded FSM with state register 'state_reg' using encoding 'one-hot' in module 'slave_attachment'
---------------------------------------------------------------------------------
Finished RTL Optimization Phase 2 : Time (s): cpu = 00:00:15 ; elapsed = 00:00:15 . Memory (MB): peak = 1553.414 ; gain = 108.043
---------------------------------------------------------------------------------
---------------------------------------------------------------------------------
Start RTL Component Statistics 
---------------------------------------------------------------------------------
Detailed RTL Component Info : 
+---Adders : 
	   2 Input   12 Bit       Adders := 3     
	   3 Input   12 Bit       Adders := 1     
	   2 Input   10 Bit       Adders := 1     
	   2 Input    1 Bit       Adders := 1     
+---XORs : 
	   2 Input      1 Bit         XORs := 7     
+---Registers : 
	               45 Bit    Registers := 4     
	               34 Bit    Registers := 3     
	               32 Bit    Registers := 103   
	               17 Bit    Registers := 1     
	               12 Bit    Registers := 18    
	               10 Bit    Registers := 1     
	                9 Bit    Registers := 1     
	                7 Bit    Registers := 6     
	                6 Bit    Registers := 4     
	                5 Bit    Registers := 1     
	                4 Bit    Registers := 2     
	                3 Bit    Registers := 1     
	                2 Bit    Registers := 6     
	                1 Bit    Registers := 62    
+---Muxes : 
	   2 Input   32 Bit        Muxes := 82    
	   4 Input   32 Bit        Muxes := 2     
	   4 Input   28 Bit        Muxes := 17    
	   2 Input   17 Bit        Muxes := 1     
	   2 Input   12 Bit        Muxes := 15    
	   3 Input   12 Bit        Muxes := 1     
	   4 Input   10 Bit        Muxes := 1     
	   2 Input    9 Bit        Muxes := 1     
	   2 Input    7 Bit        Muxes := 2     
	   2 Input    6 Bit        Muxes := 1     
	   4 Input    4 Bit        Muxes := 1     
	   2 Input    4 Bit        Muxes := 7     
	   2 Input    2 Bit        Muxes := 4     
	   3 Input    2 Bit        Muxes := 1     
	   4 Input    2 Bit        Muxes := 1     
	   2 Input    1 Bit        Muxes := 62    
	   4 Input    1 Bit        Muxes := 3     
	   5 Input    1 Bit        Muxes := 1     
---------------------------------------------------------------------------------
Finished RTL Component Statistics 
---------------------------------------------------------------------------------
---------------------------------------------------------------------------------
Start Part Resource Summary
---------------------------------------------------------------------------------
Part Resources:
DSPs: 220 (col length:60)
BRAMs: 280 (col length: RAMB18 60 RAMB36 30)
---------------------------------------------------------------------------------
Finished Part Resource Summary
---------------------------------------------------------------------------------
---------------------------------------------------------------------------------
Start Cross Boundary and Area Optimization
---------------------------------------------------------------------------------
WARNING: [Synth 8-7080] Parallel synthesis criteria is not met
---------------------------------------------------------------------------------
Finished Cross Boundary and Area Optimization : Time (s): cpu = 00:00:19 ; elapsed = 00:00:19 . Memory (MB): peak = 1553.414 ; gain = 108.043
---------------------------------------------------------------------------------
---------------------------------------------------------------------------------
Start Applying XDC Timing Constraints
---------------------------------------------------------------------------------
---------------------------------------------------------------------------------
Finished Applying XDC Timing Constraints : Time (s): cpu = 00:00:23 ; elapsed = 00:00:23 . Memory (MB): peak = 1553.414 ; gain = 108.043
---------------------------------------------------------------------------------
---------------------------------------------------------------------------------
Start Timing Optimization
---------------------------------------------------------------------------------
---------------------------------------------------------------------------------
Finished Timing Optimization : Time (s): cpu = 00:00:24 ; elapsed = 00:00:24 . Memory (MB): peak = 1553.414 ; gain = 108.043
---------------------------------------------------------------------------------
---------------------------------------------------------------------------------
Start Technology Mapping
---------------------------------------------------------------------------------
---------------------------------------------------------------------------------
Finished Technology Mapping : Time (s): cpu = 00:00:25 ; elapsed = 00:00:25 . Memory (MB): peak = 1553.414 ; gain = 108.043
---------------------------------------------------------------------------------
---------------------------------------------------------------------------------
Start IO Insertion
---------------------------------------------------------------------------------
---------------------------------------------------------------------------------
Start Flattening Before IO Insertion
---------------------------------------------------------------------------------
---------------------------------------------------------------------------------
Finished Flattening Before IO Insertion
---------------------------------------------------------------------------------
---------------------------------------------------------------------------------
Start Final Netlist Cleanup
---------------------------------------------------------------------------------
---------------------------------------------------------------------------------
Finished Final Netlist Cleanup
---------------------------------------------------------------------------------
---------------------------------------------------------------------------------
Finished IO Insertion : Time (s): cpu = 00:00:28 ; elapsed = 00:00:28 . Memory (MB): peak = 1553.414 ; gain = 108.043
---------------------------------------------------------------------------------
---------------------------------------------------------------------------------
Start Renaming Generated Instances
---------------------------------------------------------------------------------
---------------------------------------------------------------------------------
Finished Renaming Generated Instances : Time (s): cpu = 00:00:28 ; elapsed = 00:00:28 . Memory (MB): peak = 1553.414 ; gain = 108.043
---------------------------------------------------------------------------------
---------------------------------------------------------------------------------
Start Rebuilding User Hierarchy
---------------------------------------------------------------------------------
---------------------------------------------------------------------------------
Finished Rebuilding User Hierarchy : Time (s): cpu = 00:00:28 ; elapsed = 00:00:28 . Memory (MB): peak = 1553.414 ; gain = 108.043
---------------------------------------------------------------------------------
---------------------------------------------------------------------------------
Start Renaming Generated Ports
---------------------------------------------------------------------------------
---------------------------------------------------------------------------------
Finished Renaming Generated Ports : Time (s): cpu = 00:00:28 ; elapsed = 00:00:28 . Memory (MB): peak = 1553.414 ; gain = 108.043
---------------------------------------------------------------------------------
---------------------------------------------------------------------------------
Start Handling Custom Attributes
---------------------------------------------------------------------------------
---------------------------------------------------------------------------------
Finished Handling Custom Attributes : Time (s): cpu = 00:00:28 ; elapsed = 00:00:28 . Memory (MB): peak = 1553.414 ; gain = 108.043
---------------------------------------------------------------------------------
---------------------------------------------------------------------------------
Start Renaming Generated Nets
---------------------------------------------------------------------------------
---------------------------------------------------------------------------------
Finished Renaming Generated Nets : Time (s): cpu = 00:00:28 ; elapsed = 00:00:28 . Memory (MB): peak = 1553.414 ; gain = 108.043
---------------------------------------------------------------------------------
---------------------------------------------------------------------------------
Start ROM, RAM, DSP, Shift Register and Retiming Reporting
---------------------------------------------------------------------------------

Static Shift Register Report:
+------------+------------------------------------------------------------------+--------+-------+--------------+--------------------+-------------------+--------+---------+
|Module Name | RTL Name                                                         | Length | Width | Reset Signal | Pull out first Reg | Pull out last Reg | SRL16E | SRLC32E | 
+------------+------------------------------------------------------------------+--------+-------+--------------+--------------------+-------------------+--------+---------+
|video_ctrl  | AXI4_LITE_INTERFACE.GENR_MUX0/GEN_SEL_DELAY[5].sel_int_reg[5][0] | 5      | 1     | NO           | NO                 | YES               | 1      | 0       | 
|video_ctrl  | AXI4_LITE_INTERFACE.CORE_MUX0/GEN_SEL_DELAY[3].sel_int_reg[3][0] | 3      | 1     | NO           | NO                 | YES               | 1      | 0       | 
|video_ctrl  | AXI4_LITE_INTERFACE.GENR_MUX0/GEN_SEL_DELAY[4].sel_int_reg[4][0] | 4      | 1     | NO           | NO                 | YES               | 1      | 0       | 
|v_tc        | U_TC_TOP/detect_en_d_reg[3]                                      | 4      | 1     | YES          | NO                 | YES               | 1      | 0       | 
|v_tc        | U_TC_TOP/generate_en_d_reg[3]                                    | 4      | 1     | YES          | NO                 | YES               | 1      | 0       | 
+------------+------------------------------------------------------------------+--------+-------+--------------+--------------------+-------------------+--------+---------+

---------------------------------------------------------------------------------
Finished ROM, RAM, DSP, Shift Register and Retiming Reporting
---------------------------------------------------------------------------------
---------------------------------------------------------------------------------
Start Writing Synthesis Report
---------------------------------------------------------------------------------

Report BlackBoxes: 
+-+--------------+----------+
| |BlackBox name |Instances |
+-+--------------+----------+
+-+--------------+----------+

Report Cell Usage: 
+------+-------+------+
|      |Cell   |Count |
+------+-------+------+
|1     |CARRY4 |    45|
|2     |LUT1   |    43|
|3     |LUT2   |    80|
|4     |LUT3   |   586|
|5     |LUT4   |    94|
|6     |LUT5   |   122|
|7     |LUT6   |   427|
|8     |MUXF7  |   160|
|9     |SRL16E |     5|
|10    |FDRE   |  3007|
|11    |FDSE   |   236|
+------+-------+------+
---------------------------------------------------------------------------------
Finished Writing Synthesis Report : Time (s): cpu = 00:00:28 ; elapsed = 00:00:28 . Memory (MB): peak = 1553.414 ; gain = 108.043
---------------------------------------------------------------------------------
Synthesis finished with 0 errors, 0 critical warnings and 914 warnings.
Synthesis Optimization Runtime : Time (s): cpu = 00:00:18 ; elapsed = 00:00:26 . Memory (MB): peak = 1553.414 ; gain = 18.652
Synthesis Optimization Complete : Time (s): cpu = 00:00:28 ; elapsed = 00:00:28 . Memory (MB): peak = 1553.414 ; gain = 108.043
INFO: [Project 1-571] Translating synthesized netlist
Netlist sorting complete. Time (s): cpu = 00:00:00 ; elapsed = 00:00:00.077 . Memory (MB): peak = 1553.414 ; gain = 0.000
INFO: [Netlist 29-17] Analyzing 205 Unisim elements for replacement
INFO: [Netlist 29-28] Unisim Transformation completed in 0 CPU seconds
INFO: [Project 1-570] Preparing netlist for logic optimization
INFO: [Opt 31-138] Pushed 0 inverter(s) to 0 load pin(s).
Netlist sorting complete. Time (s): cpu = 00:00:00 ; elapsed = 00:00:00.001 . Memory (MB): peak = 1553.414 ; gain = 0.000
INFO: [Project 1-111] Unisim Transformation Summary:
No Unisim elements were transformed.

Synth Design complete, checksum: d225b2cd
INFO: [Common 17-83] Releasing license: Synthesis
39 Infos, 101 Warnings, 0 Critical Warnings and 0 Errors encountered.
synth_design completed successfully
synth_design: Time (s): cpu = 00:00:31 ; elapsed = 00:00:32 . Memory (MB): peak = 1553.414 ; gain = 108.043
INFO: [Common 17-1381] The checkpoint 'F:/FKNV/SD2HDMI/SD2HDMI/SD2HDMI.runs/SD2HDMI_v_tc_0_0_synth_1/SD2HDMI_v_tc_0_0.dcp' has been generated.
INFO: [Coretcl 2-1648] Added synthesis output to IP cache for IP SD2HDMI_v_tc_0_0, cache-ID = 771863cdca1d7372
INFO: [Coretcl 2-1174] Renamed 12 cell refs.
INFO: [Common 17-1381] The checkpoint 'F:/FKNV/SD2HDMI/SD2HDMI/SD2HDMI.runs/SD2HDMI_v_tc_0_0_synth_1/SD2HDMI_v_tc_0_0.dcp' has been generated.
INFO: [runtcl-4] Executing : report_utilization -file SD2HDMI_v_tc_0_0_utilization_synth.rpt -pb SD2HDMI_v_tc_0_0_utilization_synth.pb
INFO: [Common 17-206] Exiting Vivado at Sat Apr  9 12:28:03 2022...
