
*** Running vivado
    with args -log SD2HDMI_v_axi4s_vid_out_0_0.vds -m64 -product Vivado -mode batch -messageDb vivado.pb -notrace -source SD2HDMI_v_axi4s_vid_out_0_0.tcl



****** Vivado v2021.2 (64-bit)
  **** SW Build 3367213 on Tue Oct 19 02:48:09 MDT 2021
  **** IP Build 3369179 on Thu Oct 21 08:25:16 MDT 2021
    ** Copyright 1986-2021 Xilinx, Inc. All Rights Reserved.

source SD2HDMI_v_axi4s_vid_out_0_0.tcl -notrace
INFO: [IP_Flow 19-234] Refreshing IP repositories
INFO: [IP_Flow 19-1700] Loaded user IP repository 'f:/FKNV/SD2HDMI/repo/ip'.
INFO: [IP_Flow 19-2313] Loaded Vivado IP repository 'D:/xilinx2021/Vivado/2021.2/data/ip'.
Command: synth_design -top SD2HDMI_v_axi4s_vid_out_0_0 -part xc7z020clg400-2 -mode out_of_context
Starting synth_design
Attempting to get a license for feature 'Synthesis' and/or device 'xc7z020'
INFO: [Common 17-349] Got license for feature 'Synthesis' and/or device 'xc7z020'
INFO: [Device 21-403] Loading part xc7z020clg400-2
INFO: [Synth 8-7079] Multithreading enabled for synth_design using a maximum of 2 processes.
INFO: [Synth 8-7078] Launching helper process for spawning children vivado processes
INFO: [Synth 8-7075] Helper process launched with PID 3784
---------------------------------------------------------------------------------
Starting RTL Elaboration : Time (s): cpu = 00:00:03 ; elapsed = 00:00:03 . Memory (MB): peak = 1454.250 ; gain = 0.000
---------------------------------------------------------------------------------
INFO: [Synth 8-6157] synthesizing module 'SD2HDMI_v_axi4s_vid_out_0_0' [f:/FKNV/SD2HDMI/SD2HDMI/SD2HDMI.gen/sources_1/bd/SD2HDMI/ip/SD2HDMI_v_axi4s_vid_out_0_0/synth/SD2HDMI_v_axi4s_vid_out_0_0.v:58]
INFO: [Synth 8-6157] synthesizing module 'v_axi4s_vid_out_v4_0_13' [f:/FKNV/SD2HDMI/SD2HDMI/SD2HDMI.gen/sources_1/bd/SD2HDMI/ipshared/da0d/hdl/v_axi4s_vid_out_v4_0_vl_rfs.v:2310]
INFO: [Synth 8-6157] synthesizing module 'v_axi4s_vid_out_v4_0_13_cdc_single' [f:/FKNV/SD2HDMI/SD2HDMI/SD2HDMI.gen/sources_1/bd/SD2HDMI/ipshared/da0d/hdl/v_axi4s_vid_out_v4_0_vl_rfs.v:208]
INFO: [Synth 8-6157] synthesizing module 'xpm_cdc_single' [D:/xilinx2021/Vivado/2021.2/data/ip/xpm/xpm_cdc/hdl/xpm_cdc.sv:153]
INFO: [Synth 8-6155] done synthesizing module 'xpm_cdc_single' (1#1) [D:/xilinx2021/Vivado/2021.2/data/ip/xpm/xpm_cdc/hdl/xpm_cdc.sv:153]
INFO: [Synth 8-6155] done synthesizing module 'v_axi4s_vid_out_v4_0_13_cdc_single' (2#1) [f:/FKNV/SD2HDMI/SD2HDMI/SD2HDMI.gen/sources_1/bd/SD2HDMI/ipshared/da0d/hdl/v_axi4s_vid_out_v4_0_vl_rfs.v:208]
INFO: [Synth 8-6157] synthesizing module 'v_axi4s_vid_out_v4_0_13_coupler' [f:/FKNV/SD2HDMI/SD2HDMI/SD2HDMI.gen/sources_1/bd/SD2HDMI/ipshared/da0d/hdl/v_axi4s_vid_out_v4_0_vl_rfs.v:295]
INFO: [Synth 8-6157] synthesizing module 'v_axi4s_vid_out_v4_0_13_fifo_async' [f:/FKNV/SD2HDMI/SD2HDMI/SD2HDMI.gen/sources_1/bd/SD2HDMI/ipshared/da0d/hdl/v_axi4s_vid_out_v4_0_vl_rfs.v:59]
INFO: [Synth 8-6157] synthesizing module 'xpm_fifo_async' [D:/xilinx2021/Vivado/2021.2/data/ip/xpm/xpm_fifo/hdl/xpm_fifo.sv:2146]
INFO: [Synth 8-6157] synthesizing module 'xpm_fifo_base' [D:/xilinx2021/Vivado/2021.2/data/ip/xpm/xpm_fifo/hdl/xpm_fifo.sv:56]
INFO: [Synth 8-6157] synthesizing module 'xpm_memory_base' [D:/xilinx2021/Vivado/2021.2/data/ip/xpm/xpm_memory/hdl/xpm_memory.sv:57]
INFO: [Synth 8-6059] Synth Info: [XPM_MEMORY 20-1] MEMORY_PRIMITIVE (0) instructs Vivado Synthesis to choose the memory primitive type. Depending on their values, other XPM_MEMORY parameters may preclude the choice of certain memory primitive types. Review XPM_MEMORY documentation and parameter values to understand any limitations, or set MEMORY_PRIMITIVE to a different value.   [D:/xilinx2021/Vivado/2021.2/data/ip/xpm/xpm_memory/hdl/xpm_memory.sv:491]
WARNING: [Synth 8-6014] Unused sequential element gen_rd_b.gen_doutb_pipe.enb_pipe_reg[0] was removed.  [D:/xilinx2021/Vivado/2021.2/data/ip/xpm/xpm_memory/hdl/xpm_memory.sv:3015]
INFO: [Synth 8-6155] done synthesizing module 'xpm_memory_base' (3#1) [D:/xilinx2021/Vivado/2021.2/data/ip/xpm/xpm_memory/hdl/xpm_memory.sv:57]
INFO: [Synth 8-6157] synthesizing module 'xpm_cdc_gray' [D:/xilinx2021/Vivado/2021.2/data/ip/xpm/xpm_cdc/hdl/xpm_cdc.sv:284]
WARNING: [Synth 8-6014] Unused sequential element dest_out_bin_ff_reg was removed.  [D:/xilinx2021/Vivado/2021.2/data/ip/xpm/xpm_cdc/hdl/xpm_cdc.sv:417]
INFO: [Synth 8-6155] done synthesizing module 'xpm_cdc_gray' (4#1) [D:/xilinx2021/Vivado/2021.2/data/ip/xpm/xpm_cdc/hdl/xpm_cdc.sv:284]
INFO: [Synth 8-6157] synthesizing module 'xpm_fifo_reg_vec' [D:/xilinx2021/Vivado/2021.2/data/ip/xpm/xpm_fifo/hdl/xpm_fifo.sv:1884]
INFO: [Synth 8-6155] done synthesizing module 'xpm_fifo_reg_vec' (5#1) [D:/xilinx2021/Vivado/2021.2/data/ip/xpm/xpm_fifo/hdl/xpm_fifo.sv:1884]
INFO: [Synth 8-6157] synthesizing module 'xpm_cdc_gray__parameterized0' [D:/xilinx2021/Vivado/2021.2/data/ip/xpm/xpm_cdc/hdl/xpm_cdc.sv:284]
WARNING: [Synth 8-6014] Unused sequential element dest_out_bin_ff_reg was removed.  [D:/xilinx2021/Vivado/2021.2/data/ip/xpm/xpm_cdc/hdl/xpm_cdc.sv:417]
INFO: [Synth 8-6155] done synthesizing module 'xpm_cdc_gray__parameterized0' (5#1) [D:/xilinx2021/Vivado/2021.2/data/ip/xpm/xpm_cdc/hdl/xpm_cdc.sv:284]
INFO: [Synth 8-6157] synthesizing module 'xpm_fifo_reg_vec__parameterized0' [D:/xilinx2021/Vivado/2021.2/data/ip/xpm/xpm_fifo/hdl/xpm_fifo.sv:1884]
INFO: [Synth 8-6155] done synthesizing module 'xpm_fifo_reg_vec__parameterized0' (5#1) [D:/xilinx2021/Vivado/2021.2/data/ip/xpm/xpm_fifo/hdl/xpm_fifo.sv:1884]
INFO: [Synth 8-6157] synthesizing module 'xpm_cdc_gray__parameterized1' [D:/xilinx2021/Vivado/2021.2/data/ip/xpm/xpm_cdc/hdl/xpm_cdc.sv:284]
WARNING: [Synth 8-6014] Unused sequential element dest_out_bin_ff_reg was removed.  [D:/xilinx2021/Vivado/2021.2/data/ip/xpm/xpm_cdc/hdl/xpm_cdc.sv:417]
INFO: [Synth 8-6155] done synthesizing module 'xpm_cdc_gray__parameterized1' (5#1) [D:/xilinx2021/Vivado/2021.2/data/ip/xpm/xpm_cdc/hdl/xpm_cdc.sv:284]
INFO: [Synth 8-226] default block is never used [D:/xilinx2021/Vivado/2021.2/data/ip/xpm/xpm_fifo/hdl/xpm_fifo.sv:1206]
INFO: [Synth 8-226] default block is never used [D:/xilinx2021/Vivado/2021.2/data/ip/xpm/xpm_fifo/hdl/xpm_fifo.sv:1273]
INFO: [Synth 8-226] default block is never used [D:/xilinx2021/Vivado/2021.2/data/ip/xpm/xpm_fifo/hdl/xpm_fifo.sv:1295]
INFO: [Synth 8-6157] synthesizing module 'xpm_fifo_reg_bit' [D:/xilinx2021/Vivado/2021.2/data/ip/xpm/xpm_fifo/hdl/xpm_fifo.sv:1906]
INFO: [Synth 8-6155] done synthesizing module 'xpm_fifo_reg_bit' (6#1) [D:/xilinx2021/Vivado/2021.2/data/ip/xpm/xpm_fifo/hdl/xpm_fifo.sv:1906]
INFO: [Synth 8-6157] synthesizing module 'xpm_counter_updn' [D:/xilinx2021/Vivado/2021.2/data/ip/xpm/xpm_fifo/hdl/xpm_fifo.sv:1858]
INFO: [Synth 8-6155] done synthesizing module 'xpm_counter_updn' (7#1) [D:/xilinx2021/Vivado/2021.2/data/ip/xpm/xpm_fifo/hdl/xpm_fifo.sv:1858]
INFO: [Synth 8-6157] synthesizing module 'xpm_fifo_rst' [D:/xilinx2021/Vivado/2021.2/data/ip/xpm/xpm_fifo/hdl/xpm_fifo.sv:1618]
INFO: [Synth 8-6157] synthesizing module 'xpm_cdc_sync_rst' [D:/xilinx2021/Vivado/2021.2/data/ip/xpm/xpm_cdc/hdl/xpm_cdc.sv:1059]
INFO: [Synth 8-6155] done synthesizing module 'xpm_cdc_sync_rst' (8#1) [D:/xilinx2021/Vivado/2021.2/data/ip/xpm/xpm_cdc/hdl/xpm_cdc.sv:1059]
INFO: [Synth 8-6155] done synthesizing module 'xpm_fifo_rst' (9#1) [D:/xilinx2021/Vivado/2021.2/data/ip/xpm/xpm_fifo/hdl/xpm_fifo.sv:1618]
INFO: [Synth 8-6157] synthesizing module 'xpm_counter_updn__parameterized0' [D:/xilinx2021/Vivado/2021.2/data/ip/xpm/xpm_fifo/hdl/xpm_fifo.sv:1858]
INFO: [Synth 8-6155] done synthesizing module 'xpm_counter_updn__parameterized0' (9#1) [D:/xilinx2021/Vivado/2021.2/data/ip/xpm/xpm_fifo/hdl/xpm_fifo.sv:1858]
INFO: [Synth 8-6157] synthesizing module 'xpm_counter_updn__parameterized1' [D:/xilinx2021/Vivado/2021.2/data/ip/xpm/xpm_fifo/hdl/xpm_fifo.sv:1858]
INFO: [Synth 8-6155] done synthesizing module 'xpm_counter_updn__parameterized1' (9#1) [D:/xilinx2021/Vivado/2021.2/data/ip/xpm/xpm_fifo/hdl/xpm_fifo.sv:1858]
INFO: [Synth 8-6157] synthesizing module 'xpm_counter_updn__parameterized2' [D:/xilinx2021/Vivado/2021.2/data/ip/xpm/xpm_fifo/hdl/xpm_fifo.sv:1858]
INFO: [Synth 8-6155] done synthesizing module 'xpm_counter_updn__parameterized2' (9#1) [D:/xilinx2021/Vivado/2021.2/data/ip/xpm/xpm_fifo/hdl/xpm_fifo.sv:1858]
WARNING: [Synth 8-6014] Unused sequential element gen_fwft.empty_fwft_fb_reg was removed.  [D:/xilinx2021/Vivado/2021.2/data/ip/xpm/xpm_fifo/hdl/xpm_fifo.sv:1390]
INFO: [Synth 8-6155] done synthesizing module 'xpm_fifo_base' (10#1) [D:/xilinx2021/Vivado/2021.2/data/ip/xpm/xpm_fifo/hdl/xpm_fifo.sv:56]
INFO: [Synth 8-6155] done synthesizing module 'xpm_fifo_async' (11#1) [D:/xilinx2021/Vivado/2021.2/data/ip/xpm/xpm_fifo/hdl/xpm_fifo.sv:2146]
WARNING: [Synth 8-7071] port 'almost_full' of module 'xpm_fifo_async' is unconnected for instance 'XPM_FIFO_ASYNC_INST' [f:/FKNV/SD2HDMI/SD2HDMI/SD2HDMI.gen/sources_1/bd/SD2HDMI/ipshared/da0d/hdl/v_axi4s_vid_out_v4_0_vl_rfs.v:109]
WARNING: [Synth 8-7071] port 'wr_ack' of module 'xpm_fifo_async' is unconnected for instance 'XPM_FIFO_ASYNC_INST' [f:/FKNV/SD2HDMI/SD2HDMI/SD2HDMI.gen/sources_1/bd/SD2HDMI/ipshared/da0d/hdl/v_axi4s_vid_out_v4_0_vl_rfs.v:109]
WARNING: [Synth 8-7071] port 'almost_empty' of module 'xpm_fifo_async' is unconnected for instance 'XPM_FIFO_ASYNC_INST' [f:/FKNV/SD2HDMI/SD2HDMI/SD2HDMI.gen/sources_1/bd/SD2HDMI/ipshared/da0d/hdl/v_axi4s_vid_out_v4_0_vl_rfs.v:109]
WARNING: [Synth 8-7071] port 'data_valid' of module 'xpm_fifo_async' is unconnected for instance 'XPM_FIFO_ASYNC_INST' [f:/FKNV/SD2HDMI/SD2HDMI/SD2HDMI.gen/sources_1/bd/SD2HDMI/ipshared/da0d/hdl/v_axi4s_vid_out_v4_0_vl_rfs.v:109]
WARNING: [Synth 8-7023] instance 'XPM_FIFO_ASYNC_INST' of module 'xpm_fifo_async' has 26 connections declared, but only 22 given [f:/FKNV/SD2HDMI/SD2HDMI/SD2HDMI.gen/sources_1/bd/SD2HDMI/ipshared/da0d/hdl/v_axi4s_vid_out_v4_0_vl_rfs.v:109]
INFO: [Synth 8-6155] done synthesizing module 'v_axi4s_vid_out_v4_0_13_fifo_async' (12#1) [f:/FKNV/SD2HDMI/SD2HDMI/SD2HDMI.gen/sources_1/bd/SD2HDMI/ipshared/da0d/hdl/v_axi4s_vid_out_v4_0_vl_rfs.v:59]
INFO: [Synth 8-6155] done synthesizing module 'v_axi4s_vid_out_v4_0_13_coupler' (13#1) [f:/FKNV/SD2HDMI/SD2HDMI/SD2HDMI.gen/sources_1/bd/SD2HDMI/ipshared/da0d/hdl/v_axi4s_vid_out_v4_0_vl_rfs.v:295]
INFO: [Synth 8-6157] synthesizing module 'v_axi4s_vid_out_v4_0_13_sync' [f:/FKNV/SD2HDMI/SD2HDMI/SD2HDMI.gen/sources_1/bd/SD2HDMI/ipshared/da0d/hdl/v_axi4s_vid_out_v4_0_vl_rfs.v:507]
INFO: [Synth 8-155] case statement is not full and has no default [f:/FKNV/SD2HDMI/SD2HDMI/SD2HDMI.gen/sources_1/bd/SD2HDMI/ipshared/da0d/hdl/v_axi4s_vid_out_v4_0_vl_rfs.v:951]
INFO: [Synth 8-155] case statement is not full and has no default [f:/FKNV/SD2HDMI/SD2HDMI/SD2HDMI.gen/sources_1/bd/SD2HDMI/ipshared/da0d/hdl/v_axi4s_vid_out_v4_0_vl_rfs.v:649]
WARNING: [Synth 8-6014] Unused sequential element fifo_fid_dly_reg was removed.  [f:/FKNV/SD2HDMI/SD2HDMI/SD2HDMI.gen/sources_1/bd/SD2HDMI/ipshared/da0d/hdl/v_axi4s_vid_out_v4_0_vl_rfs.v:676]
WARNING: [Synth 8-6014] Unused sequential element vtg_fid_dly_reg was removed.  [f:/FKNV/SD2HDMI/SD2HDMI/SD2HDMI.gen/sources_1/bd/SD2HDMI/ipshared/da0d/hdl/v_axi4s_vid_out_v4_0_vl_rfs.v:703]
INFO: [Synth 8-6155] done synthesizing module 'v_axi4s_vid_out_v4_0_13_sync' (14#1) [f:/FKNV/SD2HDMI/SD2HDMI/SD2HDMI.gen/sources_1/bd/SD2HDMI/ipshared/da0d/hdl/v_axi4s_vid_out_v4_0_vl_rfs.v:507]
INFO: [Synth 8-6157] synthesizing module 'v_axi4s_vid_out_v4_0_13_formatter' [f:/FKNV/SD2HDMI/SD2HDMI/SD2HDMI.gen/sources_1/bd/SD2HDMI/ipshared/da0d/hdl/v_axi4s_vid_out_v4_0_vl_rfs.v:1143]
INFO: [Synth 8-6155] done synthesizing module 'v_axi4s_vid_out_v4_0_13_formatter' (15#1) [f:/FKNV/SD2HDMI/SD2HDMI/SD2HDMI.gen/sources_1/bd/SD2HDMI/ipshared/da0d/hdl/v_axi4s_vid_out_v4_0_vl_rfs.v:1143]
WARNING: [Synth 8-6014] Unused sequential element aclk_reset_pulse_reg was removed.  [f:/FKNV/SD2HDMI/SD2HDMI/SD2HDMI.gen/sources_1/bd/SD2HDMI/ipshared/da0d/hdl/v_axi4s_vid_out_v4_0_vl_rfs.v:2456]
WARNING: [Synth 8-3848] Net fifo_underflow_from_remap in module/entity v_axi4s_vid_out_v4_0_13 does not have driver. [f:/FKNV/SD2HDMI/SD2HDMI/SD2HDMI.gen/sources_1/bd/SD2HDMI/ipshared/da0d/hdl/v_axi4s_vid_out_v4_0_vl_rfs.v:2440]
INFO: [Synth 8-6155] done synthesizing module 'v_axi4s_vid_out_v4_0_13' (16#1) [f:/FKNV/SD2HDMI/SD2HDMI/SD2HDMI.gen/sources_1/bd/SD2HDMI/ipshared/da0d/hdl/v_axi4s_vid_out_v4_0_vl_rfs.v:2310]
INFO: [Synth 8-6155] done synthesizing module 'SD2HDMI_v_axi4s_vid_out_0_0' (17#1) [f:/FKNV/SD2HDMI/SD2HDMI/SD2HDMI.gen/sources_1/bd/SD2HDMI/ip/SD2HDMI_v_axi4s_vid_out_0_0/synth/SD2HDMI_v_axi4s_vid_out_0_0.v:58]
WARNING: [Synth 8-7129] Port VTG_HSYNC_VALID[0] in module v_axi4s_vid_out_v4_0_13_formatter is either unconnected or has no load
WARNING: [Synth 8-7129] Port VTG_VSYNC_VALID[0] in module v_axi4s_vid_out_v4_0_13_formatter is either unconnected or has no load
WARNING: [Synth 8-7129] Port VTG_ACTIVE_VIDEO_VALID[0] in module v_axi4s_vid_out_v4_0_13_formatter is either unconnected or has no load
WARNING: [Synth 8-7129] Port VIDEO_FORMAT[1] in module v_axi4s_vid_out_v4_0_13_formatter is either unconnected or has no load
WARNING: [Synth 8-7129] Port VIDEO_FORMAT[0] in module v_axi4s_vid_out_v4_0_13_formatter is either unconnected or has no load
WARNING: [Synth 8-7129] Port VTG_HSYNC in module v_axi4s_vid_out_v4_0_13_sync is either unconnected or has no load
WARNING: [Synth 8-7129] Port sleep in module xpm_memory_base is either unconnected or has no load
WARNING: [Synth 8-7129] Port rsta in module xpm_memory_base is either unconnected or has no load
WARNING: [Synth 8-7129] Port regcea in module xpm_memory_base is either unconnected or has no load
WARNING: [Synth 8-7129] Port injectsbiterra in module xpm_memory_base is either unconnected or has no load
WARNING: [Synth 8-7129] Port injectdbiterra in module xpm_memory_base is either unconnected or has no load
WARNING: [Synth 8-7129] Port dinb[26] in module xpm_memory_base is either unconnected or has no load
WARNING: [Synth 8-7129] Port dinb[25] in module xpm_memory_base is either unconnected or has no load
WARNING: [Synth 8-7129] Port dinb[24] in module xpm_memory_base is either unconnected or has no load
WARNING: [Synth 8-7129] Port dinb[23] in module xpm_memory_base is either unconnected or has no load
WARNING: [Synth 8-7129] Port dinb[22] in module xpm_memory_base is either unconnected or has no load
WARNING: [Synth 8-7129] Port dinb[21] in module xpm_memory_base is either unconnected or has no load
WARNING: [Synth 8-7129] Port dinb[20] in module xpm_memory_base is either unconnected or has no load
WARNING: [Synth 8-7129] Port dinb[19] in module xpm_memory_base is either unconnected or has no load
WARNING: [Synth 8-7129] Port dinb[18] in module xpm_memory_base is either unconnected or has no load
WARNING: [Synth 8-7129] Port dinb[17] in module xpm_memory_base is either unconnected or has no load
WARNING: [Synth 8-7129] Port dinb[16] in module xpm_memory_base is either unconnected or has no load
WARNING: [Synth 8-7129] Port dinb[15] in module xpm_memory_base is either unconnected or has no load
WARNING: [Synth 8-7129] Port dinb[14] in module xpm_memory_base is either unconnected or has no load
WARNING: [Synth 8-7129] Port dinb[13] in module xpm_memory_base is either unconnected or has no load
WARNING: [Synth 8-7129] Port dinb[12] in module xpm_memory_base is either unconnected or has no load
WARNING: [Synth 8-7129] Port dinb[11] in module xpm_memory_base is either unconnected or has no load
WARNING: [Synth 8-7129] Port dinb[10] in module xpm_memory_base is either unconnected or has no load
WARNING: [Synth 8-7129] Port dinb[9] in module xpm_memory_base is either unconnected or has no load
WARNING: [Synth 8-7129] Port dinb[8] in module xpm_memory_base is either unconnected or has no load
WARNING: [Synth 8-7129] Port dinb[7] in module xpm_memory_base is either unconnected or has no load
WARNING: [Synth 8-7129] Port dinb[6] in module xpm_memory_base is either unconnected or has no load
WARNING: [Synth 8-7129] Port dinb[5] in module xpm_memory_base is either unconnected or has no load
WARNING: [Synth 8-7129] Port dinb[4] in module xpm_memory_base is either unconnected or has no load
WARNING: [Synth 8-7129] Port dinb[3] in module xpm_memory_base is either unconnected or has no load
WARNING: [Synth 8-7129] Port dinb[2] in module xpm_memory_base is either unconnected or has no load
WARNING: [Synth 8-7129] Port dinb[1] in module xpm_memory_base is either unconnected or has no load
WARNING: [Synth 8-7129] Port dinb[0] in module xpm_memory_base is either unconnected or has no load
WARNING: [Synth 8-7129] Port injectsbiterrb in module xpm_memory_base is either unconnected or has no load
WARNING: [Synth 8-7129] Port injectdbiterrb in module xpm_memory_base is either unconnected or has no load
WARNING: [Synth 8-7129] Port VID_RESET in module v_axi4s_vid_out_v4_0_13_coupler is either unconnected or has no load
WARNING: [Synth 8-7129] Port src_clk in module xpm_cdc_single is either unconnected or has no load
WARNING: [Synth 8-7129] Port repeat_en in module v_axi4s_vid_out_v4_0_13 is either unconnected or has no load
WARNING: [Synth 8-7129] Port remap_420_en in module v_axi4s_vid_out_v4_0_13 is either unconnected or has no load
---------------------------------------------------------------------------------
Finished RTL Elaboration : Time (s): cpu = 00:00:04 ; elapsed = 00:00:05 . Memory (MB): peak = 1454.250 ; gain = 0.000
---------------------------------------------------------------------------------
---------------------------------------------------------------------------------
Start Handling Custom Attributes
---------------------------------------------------------------------------------
---------------------------------------------------------------------------------
Finished Handling Custom Attributes : Time (s): cpu = 00:00:05 ; elapsed = 00:00:05 . Memory (MB): peak = 1454.250 ; gain = 0.000
---------------------------------------------------------------------------------
---------------------------------------------------------------------------------
Finished RTL Optimization Phase 1 : Time (s): cpu = 00:00:05 ; elapsed = 00:00:05 . Memory (MB): peak = 1454.250 ; gain = 0.000
---------------------------------------------------------------------------------
Netlist sorting complete. Time (s): cpu = 00:00:00 ; elapsed = 00:00:00.012 . Memory (MB): peak = 1454.250 ; gain = 0.000
INFO: [Project 1-570] Preparing netlist for logic optimization

Processing XDC Constraints
Initializing timing engine
Parsing XDC File [f:/FKNV/SD2HDMI/SD2HDMI/SD2HDMI.gen/sources_1/bd/SD2HDMI/ip/SD2HDMI_v_axi4s_vid_out_0_0/SD2HDMI_v_axi4s_vid_out_0_0_ooc.xdc] for cell 'inst'
Finished Parsing XDC File [f:/FKNV/SD2HDMI/SD2HDMI/SD2HDMI.gen/sources_1/bd/SD2HDMI/ip/SD2HDMI_v_axi4s_vid_out_0_0/SD2HDMI_v_axi4s_vid_out_0_0_ooc.xdc] for cell 'inst'
Parsing XDC File [F:/FKNV/SD2HDMI/SD2HDMI/SD2HDMI.runs/SD2HDMI_v_axi4s_vid_out_0_0_synth_1/dont_touch.xdc]
Finished Parsing XDC File [F:/FKNV/SD2HDMI/SD2HDMI/SD2HDMI.runs/SD2HDMI_v_axi4s_vid_out_0_0_synth_1/dont_touch.xdc]
Parsing XDC File [f:/FKNV/SD2HDMI/SD2HDMI/SD2HDMI.gen/sources_1/bd/SD2HDMI/ip/SD2HDMI_v_axi4s_vid_out_0_0/SD2HDMI_v_axi4s_vid_out_0_0_clocks.xdc] for cell 'inst'
Finished Parsing XDC File [f:/FKNV/SD2HDMI/SD2HDMI/SD2HDMI.gen/sources_1/bd/SD2HDMI/ip/SD2HDMI_v_axi4s_vid_out_0_0/SD2HDMI_v_axi4s_vid_out_0_0_clocks.xdc] for cell 'inst'
INFO: [Project 1-236] Implementation specific constraints were found while reading constraint file [D:/xilinx2021/Vivado/2021.2/data/ip/xpm/xpm_cdc/tcl/xpm_cdc_gray.tcl]. These constraints will be ignored for synthesis but will be used in implementation. Impacted constraints are listed in the file [.Xil/SD2HDMI_v_axi4s_vid_out_0_0_propImpl.xdc].
Resolution: To avoid this warning, move constraints listed in [.Xil/SD2HDMI_v_axi4s_vid_out_0_0_propImpl.xdc] to another XDC file and exclude this new file from synthesis with the used_in_synthesis property (File Properties dialog in GUI) and re-run elaboration/synthesis.
INFO: [Project 1-236] Implementation specific constraints were found while reading constraint file [D:/xilinx2021/Vivado/2021.2/data/ip/xpm/xpm_cdc/tcl/xpm_cdc_single.tcl]. These constraints will be ignored for synthesis but will be used in implementation. Impacted constraints are listed in the file [.Xil/SD2HDMI_v_axi4s_vid_out_0_0_propImpl.xdc].
Resolution: To avoid this warning, move constraints listed in [.Xil/SD2HDMI_v_axi4s_vid_out_0_0_propImpl.xdc] to another XDC file and exclude this new file from synthesis with the used_in_synthesis property (File Properties dialog in GUI) and re-run elaboration/synthesis.
INFO: [Project 1-236] Implementation specific constraints were found while reading constraint file [D:/xilinx2021/Vivado/2021.2/data/ip/xpm/xpm_fifo/tcl/xpm_fifo_rst.tcl]. These constraints will be ignored for synthesis but will be used in implementation. Impacted constraints are listed in the file [.Xil/SD2HDMI_v_axi4s_vid_out_0_0_propImpl.xdc].
Resolution: To avoid this warning, move constraints listed in [.Xil/SD2HDMI_v_axi4s_vid_out_0_0_propImpl.xdc] to another XDC file and exclude this new file from synthesis with the used_in_synthesis property (File Properties dialog in GUI) and re-run elaboration/synthesis.
INFO: [Project 1-1714] 9 XPM XDC files have been applied to the design.
Completed Processing XDC Constraints

Netlist sorting complete. Time (s): cpu = 00:00:00 ; elapsed = 00:00:00 . Memory (MB): peak = 1468.555 ; gain = 0.000
INFO: [Project 1-111] Unisim Transformation Summary:
No Unisim elements were transformed.

Constraint Validation Runtime : Time (s): cpu = 00:00:00 ; elapsed = 00:00:00.038 . Memory (MB): peak = 1473.543 ; gain = 4.988
---------------------------------------------------------------------------------
Finished Constraint Validation : Time (s): cpu = 00:00:09 ; elapsed = 00:00:10 . Memory (MB): peak = 1473.543 ; gain = 19.293
---------------------------------------------------------------------------------
---------------------------------------------------------------------------------
Start Loading Part and Timing Information
---------------------------------------------------------------------------------
Loading part: xc7z020clg400-2
---------------------------------------------------------------------------------
Finished Loading Part and Timing Information : Time (s): cpu = 00:00:09 ; elapsed = 00:00:10 . Memory (MB): peak = 1473.543 ; gain = 19.293
---------------------------------------------------------------------------------
---------------------------------------------------------------------------------
Start Applying 'set_property' XDC Constraints
---------------------------------------------------------------------------------
Applied set_property KEEP_HIERARCHY = SOFT for inst. (constraint file  F:/FKNV/SD2HDMI/SD2HDMI/SD2HDMI.runs/SD2HDMI_v_axi4s_vid_out_0_0_synth_1/dont_touch.xdc, line 9).
Applied set_property KEEP_HIERARCHY = SOFT for inst/COUPLER_INST/\generate_async_fifo.FIFO_INST /XPM_FIFO_ASYNC_INST/\gnuram_async_fifo.xpm_fifo_base_inst /\gen_cdc_pntr.rd_pntr_cdc_inst . (constraint file  auto generated constraint).
Applied set_property KEEP_HIERARCHY = SOFT for inst/COUPLER_INST/\generate_async_fifo.FIFO_INST /XPM_FIFO_ASYNC_INST/\gnuram_async_fifo.xpm_fifo_base_inst /\gen_cdc_pntr.wr_pntr_cdc_inst . (constraint file  auto generated constraint).
Applied set_property KEEP_HIERARCHY = SOFT for inst/COUPLER_INST/\generate_async_fifo.FIFO_INST /XPM_FIFO_ASYNC_INST/\gnuram_async_fifo.xpm_fifo_base_inst /\gen_cdc_pntr.rd_pntr_cdc_dc_inst . (constraint file  auto generated constraint).
Applied set_property KEEP_HIERARCHY = SOFT for inst/COUPLER_INST/\generate_async_fifo.FIFO_INST /XPM_FIFO_ASYNC_INST/\gnuram_async_fifo.xpm_fifo_base_inst /\gen_cdc_pntr.wr_pntr_cdc_dc_inst . (constraint file  auto generated constraint).
Applied set_property KEEP_HIERARCHY = SOFT for inst/CDC_SINGLE_REMAP_UNDERFLOW_INST/xpm_cdc_single_inst. (constraint file  auto generated constraint).
Applied set_property KEEP_HIERARCHY = SOFT for inst/CDC_SINGLE_LOCKED_INST/xpm_cdc_single_inst. (constraint file  auto generated constraint).
Applied set_property KEEP_HIERARCHY = SOFT for inst/COUPLER_INST/\generate_async_fifo.FIFO_INST /XPM_FIFO_ASYNC_INST/\gnuram_async_fifo.xpm_fifo_base_inst /xpm_fifo_rst_inst/\gen_rst_ic.rrst_wr_inst . (constraint file  auto generated constraint).
Applied set_property KEEP_HIERARCHY = SOFT for inst/COUPLER_INST/\generate_async_fifo.FIFO_INST /XPM_FIFO_ASYNC_INST/\gnuram_async_fifo.xpm_fifo_base_inst /xpm_fifo_rst_inst/\gen_rst_ic.wrst_rd_inst . (constraint file  auto generated constraint).
Applied set_property KEEP_HIERARCHY = SOFT for inst/COUPLER_INST/\generate_async_fifo.FIFO_INST /XPM_FIFO_ASYNC_INST. (constraint file  auto generated constraint).
---------------------------------------------------------------------------------
Finished applying 'set_property' XDC Constraints : Time (s): cpu = 00:00:10 ; elapsed = 00:00:10 . Memory (MB): peak = 1473.543 ; gain = 19.293
---------------------------------------------------------------------------------
INFO: [Synth 8-802] inferred FSM for state register 'gen_rst_ic.curr_wrst_state_reg' in module 'xpm_fifo_rst'
INFO: [Synth 8-802] inferred FSM for state register 'gen_rst_ic.curr_rrst_state_reg' in module 'xpm_fifo_rst'
INFO: [Synth 8-802] inferred FSM for state register 'gen_fwft.curr_fwft_state_reg' in module 'xpm_fifo_base'
INFO: [Synth 8-802] inferred FSM for state register 'state_reg' in module 'v_axi4s_vid_out_v4_0_13_sync'
INFO: [Synth 8-5552] Implemented safe state 'default_state' for state register 'gen_rst_ic.curr_wrst_state_reg' in module 'xpm_fifo_rst'
---------------------------------------------------------------------------------------------------
                   State |                     New Encoding |                Previous Encoding 
---------------------------------------------------------------------------------------------------
*
               WRST_IDLE |                            00001 |                              000
                 WRST_IN |                            00010 |                              010
                WRST_OUT |                            00100 |                              111
               WRST_EXIT |                            01000 |                              110
            WRST_GO2IDLE |                            10000 |                              100
---------------------------------------------------------------------------------------------------
INFO: [Synth 8-3354] encoded FSM with state register 'gen_rst_ic.curr_wrst_state_reg' using encoding 'one-hot' in module 'xpm_fifo_rst'
INFO: [Synth 8-5552] Implemented safe state 'default_state' for state register 'gen_rst_ic.curr_rrst_state_reg' in module 'xpm_fifo_rst'
---------------------------------------------------------------------------------------------------
                   State |                     New Encoding |                Previous Encoding 
---------------------------------------------------------------------------------------------------
*
               RRST_IDLE |                               00 |                               00
                 RRST_IN |                               01 |                               10
                RRST_OUT |                               10 |                               11
               RRST_EXIT |                               11 |                               01
---------------------------------------------------------------------------------------------------
INFO: [Synth 8-3354] encoded FSM with state register 'gen_rst_ic.curr_rrst_state_reg' using encoding 'sequential' in module 'xpm_fifo_rst'
---------------------------------------------------------------------------------------------------
                   State |                     New Encoding |                Previous Encoding 
---------------------------------------------------------------------------------------------------
                 invalid |                               00 |                               00
            stage1_valid |                               01 |                               10
       both_stages_valid |                               10 |                               11
            stage2_valid |                               11 |                               01
---------------------------------------------------------------------------------------------------
INFO: [Synth 8-3354] encoded FSM with state register 'gen_fwft.curr_fwft_state_reg' using encoding 'sequential' in module 'xpm_fifo_base'
---------------------------------------------------------------------------------------------------
                   State |                     New Encoding |                Previous Encoding 
---------------------------------------------------------------------------------------------------
             C_SYNC_IDLE |                             0001 |                             0000
    C_SYNC_CALN_SOF_FIFO |                             0100 |                             0010
     C_SYNC_CALN_SOF_VTG |                             0101 |                             0001
      C_SYNC_FALN_ACTIVE |                             0010 |                             0111
 C_SYNC_FALN_EOL_LEADING |                             0000 |                             0011
 C_SYNC_FALN_EOL_LAGGING |                             0011 |                             0100
 C_SYNC_FALN_SOF_LEADING |                             1001 |                             0101
 C_SYNC_FALN_SOF_LAGGING |                             1010 |                             0110
        C_SYNC_FALN_LOCK |                             1011 |                             1000
 C_SYNC_LALN_EOL_LEADING |                             1100 |                             1001
 C_SYNC_LALN_EOL_LAGGING |                             1000 |                             1010
 C_SYNC_LALN_SOF_LEADING |                             0111 |                             1011
 C_SYNC_LALN_SOF_LAGGING |                             0110 |                             1100
---------------------------------------------------------------------------------------------------
INFO: [Synth 8-3354] encoded FSM with state register 'state_reg' using encoding 'sequential' in module 'v_axi4s_vid_out_v4_0_13_sync'
---------------------------------------------------------------------------------
Finished RTL Optimization Phase 2 : Time (s): cpu = 00:00:10 ; elapsed = 00:00:11 . Memory (MB): peak = 1473.543 ; gain = 19.293
---------------------------------------------------------------------------------
---------------------------------------------------------------------------------
Start RTL Component Statistics 
---------------------------------------------------------------------------------
Detailed RTL Component Info : 
+---Adders : 
	   4 Input   11 Bit       Adders := 3     
	   2 Input   11 Bit       Adders := 1     
	   3 Input   11 Bit       Adders := 2     
	   4 Input   10 Bit       Adders := 3     
	   3 Input   10 Bit       Adders := 1     
	   2 Input    8 Bit       Adders := 2     
	   4 Input    2 Bit       Adders := 1     
+---XORs : 
	   2 Input     11 Bit         XORs := 2     
	   2 Input     10 Bit         XORs := 2     
	   2 Input      1 Bit         XORs := 38    
+---Registers : 
	               32 Bit    Registers := 1     
	               27 Bit    Registers := 2     
	               24 Bit    Registers := 1     
	               13 Bit    Registers := 2     
	               11 Bit    Registers := 19    
	               10 Bit    Registers := 16    
	                8 Bit    Registers := 2     
	                4 Bit    Registers := 5     
	                2 Bit    Registers := 2     
	                1 Bit    Registers := 40    
+---RAMs : 
	              27K Bit	(1024 X 27 bit)          RAMs := 1     
+---Muxes : 
	  13 Input   32 Bit        Muxes := 1     
	   2 Input   32 Bit        Muxes := 1     
	  13 Input   13 Bit        Muxes := 1     
	   2 Input   13 Bit        Muxes := 1     
	   6 Input    5 Bit        Muxes := 1     
	   2 Input    5 Bit        Muxes := 8     
	  13 Input    4 Bit        Muxes := 1     
	  30 Input    4 Bit        Muxes := 1     
	   5 Input    2 Bit        Muxes := 1     
	   2 Input    2 Bit        Muxes := 33    
	   4 Input    2 Bit        Muxes := 7     
	   2 Input    1 Bit        Muxes := 10    
	   6 Input    1 Bit        Muxes := 2     
	   5 Input    1 Bit        Muxes := 3     
	   4 Input    1 Bit        Muxes := 2     
---------------------------------------------------------------------------------
Finished RTL Component Statistics 
---------------------------------------------------------------------------------
---------------------------------------------------------------------------------
Start Part Resource Summary
---------------------------------------------------------------------------------
Part Resources:
DSPs: 220 (col length:60)
BRAMs: 280 (col length: RAMB18 60 RAMB36 30)
---------------------------------------------------------------------------------
Finished Part Resource Summary
---------------------------------------------------------------------------------
---------------------------------------------------------------------------------
Start Cross Boundary and Area Optimization
---------------------------------------------------------------------------------
WARNING: [Synth 8-7080] Parallel synthesis criteria is not met
WARNING: [Synth 8-7129] Port rsta in module xpm_memory_base is either unconnected or has no load
WARNING: [Synth 8-7129] Port regcea in module xpm_memory_base is either unconnected or has no load
WARNING: [Synth 8-7129] Port injectsbiterra in module xpm_memory_base is either unconnected or has no load
WARNING: [Synth 8-7129] Port injectdbiterra in module xpm_memory_base is either unconnected or has no load
WARNING: [Synth 8-7129] Port dinb[26] in module xpm_memory_base is either unconnected or has no load
WARNING: [Synth 8-7129] Port dinb[25] in module xpm_memory_base is either unconnected or has no load
WARNING: [Synth 8-7129] Port dinb[24] in module xpm_memory_base is either unconnected or has no load
WARNING: [Synth 8-7129] Port dinb[23] in module xpm_memory_base is either unconnected or has no load
WARNING: [Synth 8-7129] Port dinb[22] in module xpm_memory_base is either unconnected or has no load
WARNING: [Synth 8-7129] Port dinb[21] in module xpm_memory_base is either unconnected or has no load
WARNING: [Synth 8-7129] Port dinb[20] in module xpm_memory_base is either unconnected or has no load
WARNING: [Synth 8-7129] Port dinb[19] in module xpm_memory_base is either unconnected or has no load
WARNING: [Synth 8-7129] Port dinb[18] in module xpm_memory_base is either unconnected or has no load
WARNING: [Synth 8-7129] Port dinb[17] in module xpm_memory_base is either unconnected or has no load
WARNING: [Synth 8-7129] Port dinb[16] in module xpm_memory_base is either unconnected or has no load
WARNING: [Synth 8-7129] Port dinb[15] in module xpm_memory_base is either unconnected or has no load
WARNING: [Synth 8-7129] Port dinb[14] in module xpm_memory_base is either unconnected or has no load
WARNING: [Synth 8-7129] Port dinb[13] in module xpm_memory_base is either unconnected or has no load
WARNING: [Synth 8-7129] Port dinb[12] in module xpm_memory_base is either unconnected or has no load
WARNING: [Synth 8-7129] Port dinb[11] in module xpm_memory_base is either unconnected or has no load
WARNING: [Synth 8-7129] Port dinb[10] in module xpm_memory_base is either unconnected or has no load
WARNING: [Synth 8-7129] Port dinb[9] in module xpm_memory_base is either unconnected or has no load
WARNING: [Synth 8-7129] Port dinb[8] in module xpm_memory_base is either unconnected or has no load
WARNING: [Synth 8-7129] Port dinb[7] in module xpm_memory_base is either unconnected or has no load
WARNING: [Synth 8-7129] Port dinb[6] in module xpm_memory_base is either unconnected or has no load
WARNING: [Synth 8-7129] Port dinb[5] in module xpm_memory_base is either unconnected or has no load
WARNING: [Synth 8-7129] Port dinb[4] in module xpm_memory_base is either unconnected or has no load
WARNING: [Synth 8-7129] Port dinb[3] in module xpm_memory_base is either unconnected or has no load
WARNING: [Synth 8-7129] Port dinb[2] in module xpm_memory_base is either unconnected or has no load
WARNING: [Synth 8-7129] Port dinb[1] in module xpm_memory_base is either unconnected or has no load
WARNING: [Synth 8-7129] Port dinb[0] in module xpm_memory_base is either unconnected or has no load
WARNING: [Synth 8-7129] Port injectsbiterrb in module xpm_memory_base is either unconnected or has no load
WARNING: [Synth 8-7129] Port injectdbiterrb in module xpm_memory_base is either unconnected or has no load
WARNING: [Synth 8-7129] Port src_clk in module xpm_cdc_single is either unconnected or has no load
WARNING: [Synth 8-7129] Port vtg_hsync_valid[0] in module v_axi4s_vid_out_v4_0_13 is either unconnected or has no load
WARNING: [Synth 8-7129] Port vtg_vsync_valid[0] in module v_axi4s_vid_out_v4_0_13 is either unconnected or has no load
WARNING: [Synth 8-7129] Port vtg_active_video_valid[0] in module v_axi4s_vid_out_v4_0_13 is either unconnected or has no load
WARNING: [Synth 8-7129] Port video_format[1] in module v_axi4s_vid_out_v4_0_13 is either unconnected or has no load
WARNING: [Synth 8-7129] Port video_format[0] in module v_axi4s_vid_out_v4_0_13 is either unconnected or has no load
WARNING: [Synth 8-7129] Port repeat_en in module v_axi4s_vid_out_v4_0_13 is either unconnected or has no load
WARNING: [Synth 8-7129] Port remap_420_en in module v_axi4s_vid_out_v4_0_13 is either unconnected or has no load
---------------------------------------------------------------------------------
Finished Cross Boundary and Area Optimization : Time (s): cpu = 00:00:12 ; elapsed = 00:00:13 . Memory (MB): peak = 1473.543 ; gain = 19.293
---------------------------------------------------------------------------------
---------------------------------------------------------------------------------
Start ROM, RAM, DSP, Shift Register and Retiming Reporting
---------------------------------------------------------------------------------

Block RAM: Preliminary Mapping Report (see note below)
+-----------------------------------------------------------------------------------------------------------------------------------------------+----------------------------------+------------------------+---+---+------------------------+---+---+------------------+--------+--------+
|Module Name                                                                                                                                    | RTL Object                       | PORT A (Depth x Width) | W | R | PORT B (Depth x Width) | W | R | Ports driving FF | RAMB18 | RAMB36 | 
+-----------------------------------------------------------------------------------------------------------------------------------------------+----------------------------------+------------------------+---+---+------------------------+---+---+------------------+--------+--------+
|inst/\COUPLER_INST/generate_async_fifo.FIFO_INST/XPM_FIFO_ASYNC_INST /\gnuram_async_fifo.xpm_fifo_base_inst /\gen_sdpram.xpm_memory_base_inst  | gen_wr_a.gen_word_narrow.mem_reg | 1 K x 27(NO_CHANGE)    | W |   | 1 K x 27(WRITE_FIRST)  |   | R | Port A and B     | 0      | 1      | 
+-----------------------------------------------------------------------------------------------------------------------------------------------+----------------------------------+------------------------+---+---+------------------------+---+---+------------------+--------+--------+

Note: The table above is a preliminary report that shows the Block RAMs at the current stage of the synthesis flow. Some Block RAMs may be reimplemented as non Block RAM primitives later in the synthesis flow. Multiple instantiated Block RAMs are reported only once. 
---------------------------------------------------------------------------------
Finished ROM, RAM, DSP, Shift Register and Retiming Reporting
---------------------------------------------------------------------------------
---------------------------------------------------------------------------------
Start Applying XDC Timing Constraints
---------------------------------------------------------------------------------
---------------------------------------------------------------------------------
Finished Applying XDC Timing Constraints : Time (s): cpu = 00:00:16 ; elapsed = 00:00:17 . Memory (MB): peak = 1473.543 ; gain = 19.293
---------------------------------------------------------------------------------
---------------------------------------------------------------------------------
Start Timing Optimization
---------------------------------------------------------------------------------
---------------------------------------------------------------------------------
Finished Timing Optimization : Time (s): cpu = 00:00:16 ; elapsed = 00:00:17 . Memory (MB): peak = 1473.543 ; gain = 19.293
---------------------------------------------------------------------------------
---------------------------------------------------------------------------------
Start ROM, RAM, DSP, Shift Register and Retiming Reporting
---------------------------------------------------------------------------------

Block RAM: Final Mapping Report
+-----------------------------------------------------------------------------------------------------------------------------------------------+----------------------------------+------------------------+---+---+------------------------+---+---+------------------+--------+--------+
|Module Name                                                                                                                                    | RTL Object                       | PORT A (Depth x Width) | W | R | PORT B (Depth x Width) | W | R | Ports driving FF | RAMB18 | RAMB36 | 
+-----------------------------------------------------------------------------------------------------------------------------------------------+----------------------------------+------------------------+---+---+------------------------+---+---+------------------+--------+--------+
|inst/\COUPLER_INST/generate_async_fifo.FIFO_INST/XPM_FIFO_ASYNC_INST /\gnuram_async_fifo.xpm_fifo_base_inst /\gen_sdpram.xpm_memory_base_inst  | gen_wr_a.gen_word_narrow.mem_reg | 1 K x 27(NO_CHANGE)    | W |   | 1 K x 27(WRITE_FIRST)  |   | R | Port A and B     | 0      | 1      | 
+-----------------------------------------------------------------------------------------------------------------------------------------------+----------------------------------+------------------------+---+---+------------------------+---+---+------------------+--------+--------+

---------------------------------------------------------------------------------
Finished ROM, RAM, DSP, Shift Register and Retiming Reporting
---------------------------------------------------------------------------------
---------------------------------------------------------------------------------
Start Technology Mapping
---------------------------------------------------------------------------------
---------------------------------------------------------------------------------
Finished Technology Mapping : Time (s): cpu = 00:00:17 ; elapsed = 00:00:18 . Memory (MB): peak = 1473.543 ; gain = 19.293
---------------------------------------------------------------------------------
---------------------------------------------------------------------------------
Start IO Insertion
---------------------------------------------------------------------------------
---------------------------------------------------------------------------------
Start Flattening Before IO Insertion
---------------------------------------------------------------------------------
---------------------------------------------------------------------------------
Finished Flattening Before IO Insertion
---------------------------------------------------------------------------------
---------------------------------------------------------------------------------
Start Final Netlist Cleanup
---------------------------------------------------------------------------------
---------------------------------------------------------------------------------
Finished Final Netlist Cleanup
---------------------------------------------------------------------------------
INFO: [Synth 8-3295] tying undriven pin CDC_SINGLE_REMAP_UNDERFLOW_INST/xpm_cdc_single_inst:src_in to constant 0
---------------------------------------------------------------------------------
Finished IO Insertion : Time (s): cpu = 00:00:19 ; elapsed = 00:00:20 . Memory (MB): peak = 1473.543 ; gain = 19.293
---------------------------------------------------------------------------------
---------------------------------------------------------------------------------
Start Renaming Generated Instances
---------------------------------------------------------------------------------
---------------------------------------------------------------------------------
Finished Renaming Generated Instances : Time (s): cpu = 00:00:19 ; elapsed = 00:00:20 . Memory (MB): peak = 1473.543 ; gain = 19.293
---------------------------------------------------------------------------------
---------------------------------------------------------------------------------
Start Rebuilding User Hierarchy
---------------------------------------------------------------------------------
---------------------------------------------------------------------------------
Finished Rebuilding User Hierarchy : Time (s): cpu = 00:00:20 ; elapsed = 00:00:20 . Memory (MB): peak = 1473.543 ; gain = 19.293
---------------------------------------------------------------------------------
---------------------------------------------------------------------------------
Start Renaming Generated Ports
---------------------------------------------------------------------------------
---------------------------------------------------------------------------------
Finished Renaming Generated Ports : Time (s): cpu = 00:00:20 ; elapsed = 00:00:20 . Memory (MB): peak = 1473.543 ; gain = 19.293
---------------------------------------------------------------------------------
---------------------------------------------------------------------------------
Start Handling Custom Attributes
---------------------------------------------------------------------------------
---------------------------------------------------------------------------------
Finished Handling Custom Attributes : Time (s): cpu = 00:00:20 ; elapsed = 00:00:21 . Memory (MB): peak = 1473.543 ; gain = 19.293
---------------------------------------------------------------------------------
---------------------------------------------------------------------------------
Start Renaming Generated Nets
---------------------------------------------------------------------------------
---------------------------------------------------------------------------------
Finished Renaming Generated Nets : Time (s): cpu = 00:00:20 ; elapsed = 00:00:21 . Memory (MB): peak = 1473.543 ; gain = 19.293
---------------------------------------------------------------------------------
---------------------------------------------------------------------------------
Start Writing Synthesis Report
---------------------------------------------------------------------------------

Report BlackBoxes: 
+-+--------------+----------+
| |BlackBox name |Instances |
+-+--------------+----------+
+-+--------------+----------+

Report Cell Usage: 
+------+---------+------+
|      |Cell     |Count |
+------+---------+------+
|1     |CARRY4   |    45|
|2     |LUT1     |    18|
|3     |LUT2     |   113|
|4     |LUT3     |    37|
|5     |LUT4     |    62|
|6     |LUT5     |    56|
|7     |LUT6     |   100|
|8     |RAMB36E1 |     1|
|9     |FDRE     |   575|
|10    |FDSE     |    11|
+------+---------+------+
---------------------------------------------------------------------------------
Finished Writing Synthesis Report : Time (s): cpu = 00:00:20 ; elapsed = 00:00:21 . Memory (MB): peak = 1473.543 ; gain = 19.293
---------------------------------------------------------------------------------
Synthesis finished with 0 errors, 0 critical warnings and 42 warnings.
Synthesis Optimization Runtime : Time (s): cpu = 00:00:14 ; elapsed = 00:00:19 . Memory (MB): peak = 1473.543 ; gain = 0.000
Synthesis Optimization Complete : Time (s): cpu = 00:00:20 ; elapsed = 00:00:21 . Memory (MB): peak = 1473.543 ; gain = 19.293
INFO: [Project 1-571] Translating synthesized netlist
Netlist sorting complete. Time (s): cpu = 00:00:00 ; elapsed = 00:00:00.012 . Memory (MB): peak = 1475.023 ; gain = 0.000
INFO: [Netlist 29-17] Analyzing 46 Unisim elements for replacement
INFO: [Netlist 29-28] Unisim Transformation completed in 0 CPU seconds
INFO: [Project 1-570] Preparing netlist for logic optimization
INFO: [Opt 31-138] Pushed 0 inverter(s) to 0 load pin(s).
Netlist sorting complete. Time (s): cpu = 00:00:00 ; elapsed = 00:00:00 . Memory (MB): peak = 1481.617 ; gain = 0.000
INFO: [Project 1-111] Unisim Transformation Summary:
No Unisim elements were transformed.

Synth Design complete, checksum: 44cbb337
INFO: [Common 17-83] Releasing license: Synthesis
84 Infos, 100 Warnings, 0 Critical Warnings and 0 Errors encountered.
synth_design completed successfully
synth_design: Time (s): cpu = 00:00:22 ; elapsed = 00:00:24 . Memory (MB): peak = 1481.617 ; gain = 27.367
INFO: [Common 17-1381] The checkpoint 'F:/FKNV/SD2HDMI/SD2HDMI/SD2HDMI.runs/SD2HDMI_v_axi4s_vid_out_0_0_synth_1/SD2HDMI_v_axi4s_vid_out_0_0.dcp' has been generated.
INFO: [Coretcl 2-1648] Added synthesis output to IP cache for IP SD2HDMI_v_axi4s_vid_out_0_0, cache-ID = 12e5e630e5e692aa
INFO: [Coretcl 2-1174] Renamed 30 cell refs.
INFO: [Common 17-1381] The checkpoint 'F:/FKNV/SD2HDMI/SD2HDMI/SD2HDMI.runs/SD2HDMI_v_axi4s_vid_out_0_0_synth_1/SD2HDMI_v_axi4s_vid_out_0_0.dcp' has been generated.
INFO: [runtcl-4] Executing : report_utilization -file SD2HDMI_v_axi4s_vid_out_0_0_utilization_synth.rpt -pb SD2HDMI_v_axi4s_vid_out_0_0_utilization_synth.pb
INFO: [Common 17-206] Exiting Vivado at Sat Apr  9 12:27:53 2022...
