#-----------------------------------------------------------
# Vivado v2021.2 (64-bit)
# SW Build 3367213 on Tue Oct 19 02:48:09 MDT 2021
# IP Build 3369179 on Thu Oct 21 08:25:16 MDT 2021
# Start of session at: Mon Apr 25 13:11:10 2022
# Process ID: 16180
# Current directory: F:/FKNV/bicubic_pixel_caculate
# Command line: vivado.exe -gui_launcher_event rodinguilauncherevent26564 F:\FKNV\bicubic_pixel_caculate\bicubic_pixel_caculate.xpr
# Log file: F:/FKNV/bicubic_pixel_caculate/vivado.log
# Journal file: F:/FKNV/bicubic_pixel_caculate\vivado.jou
# Running On: CY-20210824MCYK, OS: Windows, CPU Frequency: 2904 MHz, CPU Physical cores: 6, Host memory: 16805 MB
#-----------------------------------------------------------
start_gui
open_project F:/FKNV/bicubic_pixel_caculate/bicubic_pixel_caculate.xpr
WARNING: [Board 49-26] cannot add Board Part xilinx.com:vck190_es:part0:1.3 available at F:/XILINX2021.2/Vivado/2021.2/data/xhub/boards/XilinxBoardStore/boards/Xilinx/vck190/es/1.3/board.xml as part xcvc1902-vsva2197-2mp-e-s-es1 specified in board_part file is either invalid or not available
WARNING: [Board 49-26] cannot add Board Part xilinx.com:vmk180_es:part0:1.3 available at F:/XILINX2021.2/Vivado/2021.2/data/xhub/boards/XilinxBoardStore/boards/Xilinx/vmk180/es/1.3/board.xml as part xcvm1802-vsva2197-2mp-e-s-es1 specified in board_part file is either invalid or not available
WARNING: [Board 49-26] cannot add Board Part xilinx.com:vpk120_es:part0:1.2 available at F:/XILINX2021.2/Vivado/2021.2/data/xhub/boards/XilinxBoardStore/boards/Xilinx/vpk120/es/1.2/board.xml as part xcvp1202-vsva2785-2mp-e-s-es1 specified in board_part file is either invalid or not available
WARNING: [Board 49-26] cannot add Board Part xilinx.com:zcu208_es:part0:1.0 available at F:/XILINX2021.2/Vivado/2021.2/data/xhub/boards/XilinxBoardStore/boards/Xilinx/zcu208/es/1.0/board.xml as part xczu48dr-fsvg1517-2-e-es1 specified in board_part file is either invalid or not available
WARNING: [Board 49-26] cannot add Board Part xilinx.com:zcu208_es:part0:1.1 available at F:/XILINX2021.2/Vivado/2021.2/data/xhub/boards/XilinxBoardStore/boards/Xilinx/zcu208/es/1.1/board.xml as part xczu48dr-fsvg1517-2-e-es1 specified in board_part file is either invalid or not available
WARNING: [Board 49-26] cannot add Board Part xilinx.com:zcu208_es:part0:1.2 available at F:/XILINX2021.2/Vivado/2021.2/data/xhub/boards/XilinxBoardStore/boards/Xilinx/zcu208/es/1.2/board.xml as part xczu48dr-fsvg1517-2-e-es1 specified in board_part file is either invalid or not available
WARNING: [Board 49-26] cannot add Board Part xilinx.com:zcu208ld:part0:2.0 available at F:/XILINX2021.2/Vivado/2021.2/data/xhub/boards/XilinxBoardStore/boards/Xilinx/zcu208ld/production/2.0/board.xml as part xczu58dr-fsvg1517-2-i specified in board_part file is either invalid or not available
WARNING: [Board 49-26] cannot add Board Part xilinx.com:zcu208ld_es:part0:1.0 available at F:/XILINX2021.2/Vivado/2021.2/data/xhub/boards/XilinxBoardStore/boards/Xilinx/zcu208ld/es/1.0/board.xml as part xczu58dr-fsvg1517-2-i-es1 specified in board_part file is either invalid or not available
WARNING: [Board 49-26] cannot add Board Part xilinx.com:zcu216_es:part0:1.0 available at F:/XILINX2021.2/Vivado/2021.2/data/xhub/boards/XilinxBoardStore/boards/Xilinx/zcu216/es/1.0/board.xml as part xczu49dr-ffvf1760-2-e-es1 specified in board_part file is either invalid or not available
WARNING: [Board 49-26] cannot add Board Part xilinx.com:zcu216_es:part0:1.1 available at F:/XILINX2021.2/Vivado/2021.2/data/xhub/boards/XilinxBoardStore/boards/Xilinx/zcu216/es/1.1/board.xml as part xczu49dr-ffvf1760-2-e-es1 specified in board_part file is either invalid or not available
WARNING: [Board 49-26] cannot add Board Part xilinx.com:zcu216_es:part0:1.2 available at F:/XILINX2021.2/Vivado/2021.2/data/xhub/boards/XilinxBoardStore/boards/Xilinx/zcu216/es/1.2/board.xml as part xczu49dr-ffvf1760-2-e-es1 specified in board_part file is either invalid or not available
WARNING: [Board 49-26] cannot add Board Part xilinx.com:zcu216ld:part0:2.0 available at F:/XILINX2021.2/Vivado/2021.2/data/xhub/boards/XilinxBoardStore/boards/Xilinx/zcu216ld/production/2.0/board.xml as part xczu59dr-ffvf1760-2-i specified in board_part file is either invalid or not available
WARNING: [Board 49-26] cannot add Board Part xilinx.com:zcu216ld_es:part0:1.0 available at F:/XILINX2021.2/Vivado/2021.2/data/xhub/boards/XilinxBoardStore/boards/Xilinx/zcu216ld/es/1.0/board.xml as part xczu59dr-ffvf1760-2-i-es1 specified in board_part file is either invalid or not available
WARNING: [Board 49-26] cannot add Board Part xilinx.com:zcu670:part0:1.0 available at F:/XILINX2021.2/Vivado/2021.2/data/xhub/boards/XilinxBoardStore/boards/Xilinx/zcu670/1.0/board.xml as part xczu67dr-fsve1156-2-i specified in board_part file is either invalid or not available
Scanning sources...
Finished scanning sources
INFO: [IP_Flow 19-234] Refreshing IP repositories
INFO: [IP_Flow 19-1704] No user IP repositories specified
INFO: [IP_Flow 19-2313] Loaded Vivado IP repository 'F:/XILINX2021.2/Vivado/2021.2/data/ip'.
open_project: Time (s): cpu = 00:00:18 ; elapsed = 00:00:09 . Memory (MB): peak = 1446.188 ; gain = 0.000
update_compile_order -fileset sources_1
set_property -dict [list CONFIG.PortAWidth {12} CONFIG.OutputWidthHigh {35}] [get_ips mult_gen_singed]
generate_target all [get_files  F:/FKNV/bicubic_pixel_caculate/bicubic_pixel_caculate.srcs/sources_1/ip/mult_gen_singed/mult_gen_singed.xci]
INFO: [IP_Flow 19-1686] Generating 'Instantiation Template' target for IP 'mult_gen_singed'...
INFO: [IP_Flow 19-1686] Generating 'Synthesis' target for IP 'mult_gen_singed'...
INFO: [IP_Flow 19-1686] Generating 'Simulation' target for IP 'mult_gen_singed'...
INFO: [IP_Flow 19-1686] Generating 'Change Log' target for IP 'mult_gen_singed'...
catch { config_ip_cache -export [get_ips -all mult_gen_singed] }
export_ip_user_files -of_objects [get_files F:/FKNV/bicubic_pixel_caculate/bicubic_pixel_caculate.srcs/sources_1/ip/mult_gen_singed/mult_gen_singed.xci] -no_script -sync -force -quiet
reset_run mult_gen_singed_synth_1
launch_runs mult_gen_singed_synth_1 -jobs 12
[Mon Apr 25 19:58:35 2022] Launched mult_gen_singed_synth_1...
Run output will be captured here: F:/FKNV/bicubic_pixel_caculate/bicubic_pixel_caculate.runs/mult_gen_singed_synth_1/runme.log
export_simulation -of_objects [get_files F:/FKNV/bicubic_pixel_caculate/bicubic_pixel_caculate.srcs/sources_1/ip/mult_gen_singed/mult_gen_singed.xci] -directory F:/FKNV/bicubic_pixel_caculate/bicubic_pixel_caculate.ip_user_files/sim_scripts -ip_user_files_dir F:/FKNV/bicubic_pixel_caculate/bicubic_pixel_caculate.ip_user_files -ipstatic_source_dir F:/FKNV/bicubic_pixel_caculate/bicubic_pixel_caculate.ip_user_files/ipstatic -lib_map_path [list {modelsim=F:/FKNV/bicubic_pixel_caculate/bicubic_pixel_caculate.cache/compile_simlib/modelsim} {questa=F:/FKNV/bicubic_pixel_caculate/bicubic_pixel_caculate.cache/compile_simlib/questa} {riviera=F:/FKNV/bicubic_pixel_caculate/bicubic_pixel_caculate.cache/compile_simlib/riviera} {activehdl=F:/FKNV/bicubic_pixel_caculate/bicubic_pixel_caculate.cache/compile_simlib/activehdl}] -use_ip_compiled_libs -force -quiet
set_property top get_pixel [current_fileset]
update_compile_order -fileset sources_1
set_property is_enabled false [get_files  F:/FKNV/bicubic_pixel_caculate/bicubic_pixel_caculate.srcs/sources_1/new/bicubic_pixel_caculate.v]
set_property is_enabled false [get_files  F:/FKNV/bicubic_pixel_caculate/bicubic_pixel_caculate.srcs/sources_1/new/height_d.v]
set_property is_enabled false [get_files  F:/FKNV/bicubic_pixel_caculate/bicubic_pixel_caculate.srcs/sources_1/new/add_pixel.v]
set_property is_enabled false [get_files  F:/FKNV/bicubic_pixel_caculate/bicubic_pixel_caculate.srcs/sources_1/new/dimension_bicubic.v]
set_property is_global_include true [get_files  F:/FKNV/bicubic_pixel_caculate/bicubic_pixel_caculate.srcs/sources_1/new/get_pixel.v]
set_property is_global_include false [get_files  F:/FKNV/bicubic_pixel_caculate/bicubic_pixel_caculate.srcs/sources_1/new/get_pixel.v]
launch_runs synth_1 -jobs 12
WARNING: [Vivado 12-7122] Auto Incremental Compile:: No reference checkpoint was found in run synth_1. Auto-incremental flow will not be run, the standard flow will be run instead.
[Wed Apr 27 16:49:51 2022] Launched synth_1...
Run output will be captured here: F:/FKNV/bicubic_pixel_caculate/bicubic_pixel_caculate.runs/synth_1/runme.log
launch_runs impl_1 -jobs 12
[Wed Apr 27 16:51:02 2022] Launched impl_1...
Run output will be captured here: F:/FKNV/bicubic_pixel_caculate/bicubic_pixel_caculate.runs/impl_1/runme.log
exit
INFO: [Common 17-206] Exiting Vivado at Thu Apr 28 21:35:09 2022...
