Copyright 1986-2021 Xilinx, Inc. All Rights Reserved.
-------------------------------------------------------------------------------------------------------------------------------------------------------------------
| Tool Version     : Vivado v.2021.2 (win64) Build 3367213 Tue Oct 19 02:48:09 MDT 2021
| Date             : Mon Apr 11 12:17:07 2022
| Host             : DESKTOP-U2JI0L1 running 64-bit major release  (build 9200)
| Command          : report_power -file SD2HDMI_wrapper_power_routed.rpt -pb SD2HDMI_wrapper_power_summary_routed.pb -rpx SD2HDMI_wrapper_power_routed.rpx
| Design           : SD2HDMI_wrapper
| Device           : xc7z020clg400-2
| Design State     : routed
| Grade            : commercial
| Process          : typical
| Characterization : Production
-------------------------------------------------------------------------------------------------------------------------------------------------------------------

Power Report

Table of Contents
-----------------
1. Summary
1.1 On-Chip Components
1.2 Power Supply Summary
1.3 Confidence Level
2. Settings
2.1 Environment
2.2 Clock Constraints
3. Detailed Reports
3.1 By Hierarchy

1. Summary
----------

+--------------------------+--------------+
| Total On-Chip Power (W)  | 1.984        |
| Design Power Budget (W)  | Unspecified* |
| Power Budget Margin (W)  | NA           |
| Dynamic (W)              | 1.833        |
| Device Static (W)        | 0.152        |
| Effective TJA (C/W)      | 11.5         |
| Max Ambient (C)          | 62.1         |
| Junction Temperature (C) | 47.9         |
| Confidence Level         | Low          |
| Setting File             | ---          |
| Simulation Activity File | ---          |
| Design Nets Matched      | NA           |
+--------------------------+--------------+
* Specify Design Power Budget using, set_operating_conditions -design_power_budget <value in Watts>


1.1 On-Chip Components
----------------------

+--------------------------+-----------+----------+-----------+-----------------+
| On-Chip                  | Power (W) | Used     | Available | Utilization (%) |
+--------------------------+-----------+----------+-----------+-----------------+
| Clocks                   |     0.034 |        8 |       --- |             --- |
| Slice Logic              |     0.006 |    11518 |       --- |             --- |
|   LUT as Logic           |     0.005 |     3336 |     53200 |            6.27 |
|   Register               |    <0.001 |     6294 |    106400 |            5.92 |
|   CARRY4                 |    <0.001 |      163 |     13300 |            1.23 |
|   LUT as Distributed RAM |    <0.001 |      100 |     17400 |            0.57 |
|   F7/F8 Muxes            |    <0.001 |      182 |     53200 |            0.34 |
|   LUT as Shift Register  |    <0.001 |      147 |     17400 |            0.84 |
|   Others                 |     0.000 |      485 |       --- |             --- |
| Signals                  |     0.010 |     8417 |       --- |             --- |
| Block RAM                |     0.003 |        5 |       140 |            3.57 |
| MMCM                     |     0.107 |        1 |         4 |           25.00 |
| I/O                      |     0.140 |       11 |       125 |            8.80 |
| PS7                      |     1.531 |        1 |       --- |             --- |
| Static Power             |     0.152 |          |           |                 |
| Total                    |     1.984 |          |           |                 |
+--------------------------+-----------+----------+-----------+-----------------+


1.2 Power Supply Summary
------------------------

+-----------+-------------+-----------+-------------+------------+-------------+-------------+------------+
| Source    | Voltage (V) | Total (A) | Dynamic (A) | Static (A) | Powerup (A) | Budget (A)  | Margin (A) |
+-----------+-------------+-----------+-------------+------------+-------------+-------------+------------+
| Vccint    |       1.000 |     0.074 |       0.057 |      0.017 |       NA    | Unspecified | NA         |
| Vccaux    |       1.800 |     0.076 |       0.059 |      0.016 |       NA    | Unspecified | NA         |
| Vcco33    |       3.300 |     0.043 |       0.042 |      0.001 |       NA    | Unspecified | NA         |
| Vcco25    |       2.500 |     0.000 |       0.000 |      0.000 |       NA    | Unspecified | NA         |
| Vcco18    |       1.800 |     0.000 |       0.000 |      0.000 |       NA    | Unspecified | NA         |
| Vcco15    |       1.500 |     0.000 |       0.000 |      0.000 |       NA    | Unspecified | NA         |
| Vcco135   |       1.350 |     0.000 |       0.000 |      0.000 |       NA    | Unspecified | NA         |
| Vcco12    |       1.200 |     0.000 |       0.000 |      0.000 |       NA    | Unspecified | NA         |
| Vccaux_io |       1.800 |     0.000 |       0.000 |      0.000 |       NA    | Unspecified | NA         |
| Vccbram   |       1.000 |     0.002 |       0.000 |      0.001 |       NA    | Unspecified | NA         |
| MGTAVcc   |       1.000 |     0.000 |       0.000 |      0.000 |       NA    | Unspecified | NA         |
| MGTAVtt   |       1.200 |     0.000 |       0.000 |      0.000 |       NA    | Unspecified | NA         |
| MGTVccaux |       1.800 |     0.000 |       0.000 |      0.000 |       NA    | Unspecified | NA         |
| Vccpint   |       1.000 |     0.757 |       0.724 |      0.034 |       NA    | Unspecified | NA         |
| Vccpaux   |       1.800 |     0.061 |       0.051 |      0.010 |       NA    | Unspecified | NA         |
| Vccpll    |       1.800 |     0.017 |       0.014 |      0.003 |       NA    | Unspecified | NA         |
| Vcco_ddr  |       1.500 |     0.459 |       0.457 |      0.002 |       NA    | Unspecified | NA         |
| Vcco_mio0 |       1.800 |     0.004 |       0.003 |      0.001 |       NA    | Unspecified | NA         |
| Vcco_mio1 |       1.800 |     0.002 |       0.001 |      0.001 |       NA    | Unspecified | NA         |
| Vccadc    |       1.800 |     0.020 |       0.000 |      0.020 |       NA    | Unspecified | NA         |
+-----------+-------------+-----------+-------------+------------+-------------+-------------+------------+


1.3 Confidence Level
--------------------

+-----------------------------+------------+--------------------------------------------------------+------------------------------------------------------------------------------------------------------------+
| User Input Data             | Confidence | Details                                                | Action                                                                                                     |
+-----------------------------+------------+--------------------------------------------------------+------------------------------------------------------------------------------------------------------------+
| Design implementation state | High       | Design is routed                                       |                                                                                                            |
| Clock nodes activity        | High       | User specified more than 95% of clocks                 |                                                                                                            |
| I/O nodes activity          | Low        | More than 75% of inputs are missing user specification | Provide missing input activity with simulation results or by editing the "By Resource Type -> I/Os" view   |
| Internal nodes activity     | Medium     | User specified less than 25% of internal nodes         | Provide missing internal nodes activity with simulation results or by editing the "By Resource Type" views |
| Device models               | High       | Device models are Production                           |                                                                                                            |
|                             |            |                                                        |                                                                                                            |
| Overall confidence level    | Low        |                                                        |                                                                                                            |
+-----------------------------+------------+--------------------------------------------------------+------------------------------------------------------------------------------------------------------------+


2. Settings
-----------

2.1 Environment
---------------

+-----------------------+------------------------+
| Ambient Temp (C)      | 25.0                   |
| ThetaJA (C/W)         | 11.5                   |
| Airflow (LFM)         | 250                    |
| Heat Sink             | none                   |
| ThetaSA (C/W)         | 0.0                    |
| Board Selection       | medium (10"x10")       |
| # of Board Layers     | 8to11 (8 to 11 Layers) |
| Board Temperature (C) | 25.0                   |
+-----------------------+------------------------+


2.2 Clock Constraints
---------------------

+------------------------+------------------------------------------------------------+-----------------+
| Clock                  | Domain                                                     | Constraint (ns) |
+------------------------+------------------------------------------------------------+-----------------+
| I                      | SD2HDMI_i/axi_dynclk_0/U0/Inst_mmcme2_drp/I                |             2.0 |
| I                      | SD2HDMI_i/axi_dynclk_0/U0/PXL_CLK_5X_O                     |             2.0 |
| axi_dynclk_0_PXL_CLK_O | SD2HDMI_i/axi_dynclk_0/U0/PXL_CLK_O                        |            10.0 |
| clk_fpga_0             | SD2HDMI_i/processing_system7_0/inst/FCLK_CLK_unbuffered[0] |            10.0 |
| clk_fpga_1             | SD2HDMI_i/processing_system7_0/inst/FCLK_CLK_unbuffered[1] |             7.0 |
| mmcm_fbclk_out         | SD2HDMI_i/axi_dynclk_0/U0/Inst_mmcme2_drp/mmcm_fbclk_out   |            10.0 |
+------------------------+------------------------------------------------------------+-----------------+


3. Detailed Reports
-------------------

3.1 By Hierarchy
----------------

+--------------------------+-----------+
| Name                     | Power (W) |
+--------------------------+-----------+
| SD2HDMI_wrapper          |     1.833 |
|   HDMI_DDC_scl_iobuf     |     0.004 |
|   HDMI_DDC_sda_iobuf     |     0.004 |
|   SD2HDMI_i              |     1.825 |
|     axi_dynclk_0         |     0.110 |
|       U0                 |     0.110 |
|     axi_vdma_0           |     0.015 |
|       U0                 |     0.015 |
|     processing_system7_0 |     1.533 |
|       inst               |     1.533 |
|     ps7_0_axi_periph     |     0.006 |
|       s00_couplers       |     0.005 |
|     rgb2dvi_0            |     0.134 |
|       U0                 |     0.134 |
|     smartconnect_0       |     0.006 |
|       inst               |     0.006 |
|     v_axi4s_vid_out_0    |     0.005 |
|       inst               |     0.005 |
|     v_tc_0               |     0.016 |
|       U0                 |     0.016 |
+--------------------------+-----------+


